TN:test
SF:/usr/include/c++/6/bits/alloc_traits.h
FN:435,_ZNSt16allocator_traitsISaIN5Catch14SectionEndInfoEEE8allocateERS2_m
FN:435,_ZNSt16allocator_traitsISaIN5Catch3PtrINS0_16IReporterFactoryEEEEE8allocateERS4_m
FN:435,_ZNSt16allocator_traitsISaIN5Catch8TestSpec6FilterEEE8allocateERS3_m
FN:435,_ZNSt16allocator_traitsISaISt13_Rb_tree_nodeIN5Catch8TestCaseEEEE8allocateERS4_m
FN:435,_ZNSt16allocator_traitsISaIN5Catch14AssertionStatsEEE8allocateERS2_m
FN:435,_ZNSt16allocator_traitsISaIN5Catch3PtrINS0_22CumulativeReporterBase4NodeINS0_12TestRunStatsENS3_INS0_14TestGroupStatsENS3_INS0_13TestCaseStatsENS2_11SectionNodeEEEEEEEEEEE8allocateERSC_m
FN:435,_ZNSt16allocator_traitsISaIN5Catch8TestCaseEEE8allocateERS2_m
FN:435,_ZNSt16allocator_traitsISaIN5Catch3PtrINS0_22CumulativeReporterBase4NodeINS0_13TestCaseStatsENS2_11SectionNodeEEEEEEE8allocateERS8_m
FN:435,_ZNSt16allocator_traitsISaISt13_Rb_tree_nodeISt4pairIKNSt7__cxx1112basic_stringIcSt11char_traitsIcESaIcEEEPN5Catch18IGeneratorsForTestEEEEE8allocateERSE_m
FN:435,_ZNSt16allocator_traitsISaISt13_Rb_tree_nodeISt4pairIKNSt7__cxx1112basic_stringIcSt11char_traitsIcESaIcEEEN5Catch7TagInfoEEEEE8allocateERSD_m
FN:435,_ZNSt16allocator_traitsISaISt13_Rb_tree_nodeISt4pairIKNSt7__cxx1112basic_stringIcSt11char_traitsIcESaIcEEEPN5Catch14IGeneratorInfoEEEEE8allocateERSE_m
FN:435,_ZNSt16allocator_traitsISaIN5Catch3PtrINS0_18IStreamingReporterEEEEE8allocateERS4_m
FN:435,_ZNSt16allocator_traitsISaISt13_Rb_tree_nodeISt4pairIKNSt7__cxx1112basic_stringIcSt11char_traitsIcESaIcEEEN5Catch3PtrINS9_16IReporterFactoryEEEEEEE8allocateERSF_m
FN:435,_ZNSt16allocator_traitsISaIN5Catch5Clara6Parser5TokenEEE8allocateERS4_m
FN:435,_ZNSt16allocator_traitsISaISt13_Rb_tree_nodeISt4pairIKNSt7__cxx1112basic_stringIcSt11char_traitsIcESaIcEEEN5Catch8TagAliasEEEEE8allocateERSD_m
FN:435,_ZNSt16allocator_traitsISaIN5Catch3PtrINS0_8TestSpec7PatternEEEEE8allocateERS5_m
FN:435,_ZNSt16allocator_traitsISaISt13_Rb_tree_nodeINSt7__cxx1112basic_stringIcSt11char_traitsIcESaIcEEEEEE8allocateERS8_m
FN:435,_ZNSt16allocator_traitsISaIN5Catch3PtrINS0_22CumulativeReporterBase11SectionNodeEEEEE8allocateERS5_m
FN:435,_ZNSt16allocator_traitsISaIN5Catch15ConsoleReporter13SummaryColumnEEE8allocateERS3_m
FN:435,_ZNSt16allocator_traitsISaIPN5Catch16TestCaseTracking8ITrackerEEE8allocateERS4_m
FN:435,_ZNSt16allocator_traitsISaIN5Catch3PtrINS0_16TestCaseTracking8ITrackerEEEEE8allocateERS5_m
FN:435,_ZNSt16allocator_traitsISaINSt7__cxx1112basic_stringIcSt11char_traitsIcESaIcEEEEE8allocateERS6_m
FN:435,_ZNSt16allocator_traitsISaIN5Catch11SectionInfoEEE8allocateERS2_m
FN:435,_ZNSt16allocator_traitsISaIN5Catch3PtrINS0_22CumulativeReporterBase4NodeINS0_14TestGroupStatsENS3_INS0_13TestCaseStatsENS2_11SectionNodeEEEEEEEEE8allocateERSA_m
FN:435,_ZNSt16allocator_traitsISaIN5Catch5Clara11CommandLineINS0_10ConfigDataEE3ArgEEE8allocateERS6_m
FN:435,_ZNSt16allocator_traitsISaIPKN5Catch20IExceptionTranslatorEEE8allocateERS4_m
FN:435,_ZNSt16allocator_traitsISaIN5Catch11MessageInfoEEE8allocateERS2_m
FN:435,_ZNSt16allocator_traitsISaIPN5Catch14IGeneratorInfoEEE8allocateERS3_m
FN:435,_ZNSt16allocator_traitsISaImEE8allocateERS0_m
FN:461,_ZNSt16allocator_traitsISaIPKN5Catch8Matchers4Impl11MatcherBaseINSt7__cxx1112basic_stringIcSt11char_traitsIcESaIcEEES9_EEEE10deallocateERSD_PSC_m
FN:461,_ZNSt16allocator_traitsISaIN5Catch5Clara6Parser5TokenEEE10deallocateERS4_PS3_m
FN:461,_ZNSt16allocator_traitsISaIN5Catch14AssertionStatsEEE10deallocateERS2_PS1_m
FN:461,_ZNSt16allocator_traitsISaIPN5Catch16TestCaseTracking8ITrackerEEE10deallocateERS4_PS3_m
FN:461,_ZNSt16allocator_traitsISaIPN5Catch14IGeneratorInfoEEE10deallocateERS3_PS2_m
FN:461,_ZNSt16allocator_traitsISaIN5Catch8TestSpec6FilterEEE10deallocateERS3_PS2_m
FN:461,_ZNSt16allocator_traitsISaISt13_Rb_tree_nodeINSt7__cxx1112basic_stringIcSt11char_traitsIcESaIcEEEEEE10deallocateERS8_PS7_m
FN:461,_ZNSt16allocator_traitsISaISt6vectorIN5Catch3PtrINS1_22CumulativeReporterBase11SectionNodeEEESaIS5_EEEE10deallocateERS8_PS7_m
FN:461,_ZNSt16allocator_traitsISaISt13_Rb_tree_nodeISt4pairIKiN5Catch5Clara11CommandLineINS3_10ConfigDataEE3ArgEEEEE10deallocateERSB_PSA_m
FN:461,_ZNSt16allocator_traitsISaINSt7__cxx1112basic_stringIcSt11char_traitsIcESaIcEEEEE10deallocateERS6_PS5_m
FN:461,_ZNSt16allocator_traitsISaISt13_Rb_tree_nodeISt4pairIKNSt7__cxx1112basic_stringIcSt11char_traitsIcESaIcEEEN5Catch3PtrINS9_16IReporterFactoryEEEEEEE10deallocateERSF_PSE_m
FN:461,_ZNSt16allocator_traitsISaIN5Catch11SectionInfoEEE10deallocateERS2_PS1_m
FN:461,_ZNSt16allocator_traitsISaIN5Catch3PtrINS0_18IStreamingReporterEEEEE10deallocateERS4_PS3_m
FN:461,_ZNSt16allocator_traitsISaIPKN5Catch20IExceptionTranslatorEEE10deallocateERS4_PS3_m
FN:461,_ZNSt16allocator_traitsISaISt13_Rb_tree_nodeISt4pairIKNSt7__cxx1112basic_stringIcSt11char_traitsIcESaIcEEEPN5Catch14IGeneratorInfoEEEEE10deallocateERSE_PSD_m
FN:461,_ZNSt16allocator_traitsISaIN5Catch11MessageInfoEEE10deallocateERS2_PS1_m
FN:461,_ZNSt16allocator_traitsISaISt13_Rb_tree_nodeISt4pairIKNSt7__cxx1112basic_stringIcSt11char_traitsIcESaIcEEEN5Catch7TagInfoEEEEE10deallocateERSD_PSC_m
FN:461,_ZNSt16allocator_traitsISaIN5Catch3PtrINS0_22CumulativeReporterBase4NodeINS0_12TestRunStatsENS3_INS0_14TestGroupStatsENS3_INS0_13TestCaseStatsENS2_11SectionNodeEEEEEEEEEEE10deallocateERSC_PSB_m
FN:461,_ZNSt16allocator_traitsISaISt13_Rb_tree_nodeISt4pairIKNSt7__cxx1112basic_stringIcSt11char_traitsIcESaIcEEEN5Catch8TagAliasEEEEE10deallocateERSD_PSC_m
FN:461,_ZNSt16allocator_traitsISaIN5Catch3PtrINS0_22CumulativeReporterBase4NodeINS0_13TestCaseStatsENS2_11SectionNodeEEEEEEE10deallocateERS8_PS7_m
FN:461,_ZNSt16allocator_traitsISaIN5Catch3PtrINS0_8TestSpec7PatternEEEEE10deallocateERS5_PS4_m
FN:461,_ZNSt16allocator_traitsISaIN5Catch3PtrINS0_22CumulativeReporterBase11SectionNodeEEEEE10deallocateERS5_PS4_m
FN:461,_ZNSt16allocator_traitsISaIN5Catch5Clara11CommandLineINS0_10ConfigDataEE3ArgEEE10deallocateERS6_PS5_m
FN:461,_ZNSt16allocator_traitsISaISt13_Rb_tree_nodeISt4pairIKNSt7__cxx1112basic_stringIcSt11char_traitsIcESaIcEEEPN5Catch18IGeneratorsForTestEEEEE10deallocateERSE_PSD_m
FN:461,_ZNSt16allocator_traitsISaImEE10deallocateERS0_Pmm
FN:461,_ZNSt16allocator_traitsISaIN5Catch3PtrINS0_16TestCaseTracking8ITrackerEEEEE10deallocateERS5_PS4_m
FN:461,_ZNSt16allocator_traitsISaISt13_Rb_tree_nodeIN5Catch8TestCaseEEEE10deallocateERS4_PS3_m
FN:461,_ZNSt16allocator_traitsISaIN5Catch14SectionEndInfoEEE10deallocateERS2_PS1_m
FN:461,_ZNSt16allocator_traitsISaIN5Catch3PtrINS0_16IReporterFactoryEEEEE10deallocateERS4_PS3_m
FN:461,_ZNSt16allocator_traitsISaIN5Catch3PtrINS0_22CumulativeReporterBase4NodeINS0_14TestGroupStatsENS3_INS0_13TestCaseStatsENS2_11SectionNodeEEEEEEEEE10deallocateERSA_PS9_m
FN:461,_ZNSt16allocator_traitsISaIN5Catch15ConsoleReporter13SummaryColumnEEE10deallocateERS3_PS2_m
FN:461,_ZNSt16allocator_traitsISaIN5Catch8TestCaseEEE10deallocateERS2_PS1_m
FN:474,_ZNSt16allocator_traitsISaISt13_Rb_tree_nodeIN5Catch8TestCaseEEEE9constructIS2_JRKS2_EEEvRS4_PT_DpOT0_
FN:474,_ZNSt16allocator_traitsISaIN5Catch3PtrINS0_22CumulativeReporterBase4NodeINS0_14TestGroupStatsENS3_INS0_13TestCaseStatsENS2_11SectionNodeEEEEEEEEE9constructIS9_JRKS9_EEEvRSA_PT_DpOT0_
FN:474,_ZNSt16allocator_traitsISaINSt7__cxx1112basic_stringIcSt11char_traitsIcESaIcEEEEE9constructIS5_JRKS5_EEEvRS6_PT_DpOT0_
FN:474,_ZNSt16allocator_traitsISaIN5Catch11MessageInfoEEE9constructIS1_JRKS1_EEEvRS2_PT_DpOT0_
FN:474,_ZNSt16allocator_traitsISaIN5Catch3PtrINS0_16IReporterFactoryEEEEE9constructIS3_JRKS3_EEEvRS4_PT_DpOT0_
FN:474,_ZNSt16allocator_traitsISaImEE9constructImJRKmEEEvRS0_PT_DpOT0_
FN:474,_ZNSt16allocator_traitsISaIN5Catch5Clara11CommandLineINS0_10ConfigDataEE3ArgEEE9constructIS5_JS5_EEEvRS6_PT_DpOT0_
FN:474,_ZNSt16allocator_traitsISaIN5Catch3PtrINS0_22CumulativeReporterBase4NodeINS0_12TestRunStatsENS3_INS0_14TestGroupStatsENS3_INS0_13TestCaseStatsENS2_11SectionNodeEEEEEEEEEEE9constructISB_JRKSB_EEEvRSC_PT_DpOT0_
FN:474,_ZNSt16allocator_traitsISaISt13_Rb_tree_nodeISt4pairIKNSt7__cxx1112basic_stringIcSt11char_traitsIcESaIcEEEPN5Catch14IGeneratorInfoEEEEE9constructISC_JS1_IS7_SB_EEEEvRSE_PT_DpOT0_
FN:474,_ZNSt16allocator_traitsISaIPN5Catch16TestCaseTracking8ITrackerEEE9constructIS3_JS3_EEEvRS4_PT_DpOT0_
FN:474,_ZNSt16allocator_traitsISaISt13_Rb_tree_nodeISt4pairIKNSt7__cxx1112basic_stringIcSt11char_traitsIcESaIcEEEN5Catch7TagInfoEEEEE9constructISB_JS1_IS7_SA_EEEEvRSD_PT_DpOT0_
FN:474,_ZNSt16allocator_traitsISaIPKN5Catch20IExceptionTranslatorEEE9constructIS3_JRKS3_EEEvRS4_PT_DpOT0_
FN:474,_ZNSt16allocator_traitsISaISt13_Rb_tree_nodeISt4pairIKNSt7__cxx1112basic_stringIcSt11char_traitsIcESaIcEEEN5Catch8TagAliasEEEEE9constructISB_JS1_IS7_SA_EEEEvRSD_PT_DpOT0_
FN:474,_ZNSt16allocator_traitsISaISt13_Rb_tree_nodeINSt7__cxx1112basic_stringIcSt11char_traitsIcESaIcEEEEEE9constructIS6_JS6_EEEvRS8_PT_DpOT0_
FN:474,_ZNSt16allocator_traitsISaIN5Catch5Clara6Parser5TokenEEE9constructIS3_JS3_EEEvRS4_PT_DpOT0_
FN:474,_ZNSt16allocator_traitsISaIN5Catch8TestCaseEEE9constructIS1_JRKS1_EEEvRS2_PT_DpOT0_
FN:474,_ZNSt16allocator_traitsISaIPN5Catch14IGeneratorInfoEEE9constructIS2_JRKS2_EEEvRS3_PT_DpOT0_
FN:474,_ZNSt16allocator_traitsISaIN5Catch11SectionInfoEEE9constructIS1_JRKS1_EEEvRS2_PT_DpOT0_
FN:474,_ZNSt16allocator_traitsISaINSt7__cxx1112basic_stringIcSt11char_traitsIcESaIcEEEEE9constructIS5_JS5_EEEvRS6_PT_DpOT0_
FN:474,_ZNSt16allocator_traitsISaIN5Catch14SectionEndInfoEEE9constructIS1_JRKS1_EEEvRS2_PT_DpOT0_
FN:474,_ZNSt16allocator_traitsISaIN5Catch3PtrINS0_16TestCaseTracking8ITrackerEEEEE9constructIS4_JRKS4_EEEvRS5_PT_DpOT0_
FN:474,_ZNSt16allocator_traitsISaISt13_Rb_tree_nodeISt4pairIKNSt7__cxx1112basic_stringIcSt11char_traitsIcESaIcEEEPN5Catch18IGeneratorsForTestEEEEE9constructISC_JS1_IS7_SB_EEEEvRSE_PT_DpOT0_
FN:474,_ZNSt16allocator_traitsISaIN5Catch3PtrINS0_8TestSpec7PatternEEEEE9constructIS4_JRKS4_EEEvRS5_PT_DpOT0_
FN:474,_ZNSt16allocator_traitsISaISt13_Rb_tree_nodeINSt7__cxx1112basic_stringIcSt11char_traitsIcESaIcEEEEEE9constructIS6_JRKS6_EEEvRS8_PT_DpOT0_
FN:474,_ZNSt16allocator_traitsISaIN5Catch3PtrINS0_22CumulativeReporterBase11SectionNodeEEEEE9constructIS4_JRKS4_EEEvRS5_PT_DpOT0_
FN:474,_ZNSt16allocator_traitsISaIN5Catch3PtrINS0_22CumulativeReporterBase4NodeINS0_13TestCaseStatsENS2_11SectionNodeEEEEEEE9constructIS7_JRKS7_EEEvRS8_PT_DpOT0_
FN:474,_ZNSt16allocator_traitsISaIN5Catch3PtrINS0_18IStreamingReporterEEEEE9constructIS3_JRKS3_EEEvRS4_PT_DpOT0_
FN:474,_ZNSt16allocator_traitsISaIN5Catch8TestSpec6FilterEEE9constructIS2_JRKS2_EEEvRS3_PT_DpOT0_
FN:474,_ZNSt16allocator_traitsISaIN5Catch5Clara6Parser5TokenEEE9constructIS3_JRKS3_EEEvRS4_PT_DpOT0_
FN:474,_ZNSt16allocator_traitsISaIN5Catch15ConsoleReporter13SummaryColumnEEE9constructIS2_JS2_EEEvRS3_PT_DpOT0_
FN:474,_ZNSt16allocator_traitsISaISt13_Rb_tree_nodeISt4pairIKNSt7__cxx1112basic_stringIcSt11char_traitsIcESaIcEEEN5Catch3PtrINS9_16IReporterFactoryEEEEEEE9constructISD_JS1_IS7_SC_EEEEvRSF_PT_DpOT0_
FN:474,_ZNSt16allocator_traitsISaIN5Catch14AssertionStatsEEE9constructIS1_JRKS1_EEEvRS2_PT_DpOT0_
FN:486,_ZNSt16allocator_traitsISaIN5Catch5Clara6Parser5TokenEEE7destroyIS3_EEvRS4_PT_
FN:486,_ZNSt16allocator_traitsISaIN5Catch15ConsoleReporter13SummaryColumnEEE7destroyIS2_EEvRS3_PT_
FN:486,_ZNSt16allocator_traitsISaIN5Catch3PtrINS0_22CumulativeReporterBase4NodeINS0_14TestGroupStatsENS3_INS0_13TestCaseStatsENS2_11SectionNodeEEEEEEEEE7destroyIS9_EEvRSA_PT_
FN:486,_ZNSt16allocator_traitsISaIN5Catch8TestCaseEEE7destroyIS1_EEvRS2_PT_
FN:486,_ZNSt16allocator_traitsISaIPKN5Catch20IExceptionTranslatorEEE7destroyIS3_EEvRS4_PT_
FN:486,_ZNSt16allocator_traitsISaISt13_Rb_tree_nodeISt4pairIKNSt7__cxx1112basic_stringIcSt11char_traitsIcESaIcEEEN5Catch7TagInfoEEEEE7destroyISB_EEvRSD_PT_
FN:486,_ZNSt16allocator_traitsISaIN5Catch3PtrINS0_18IStreamingReporterEEEEE7destroyIS3_EEvRS4_PT_
FN:486,_ZNSt16allocator_traitsISaISt13_Rb_tree_nodeIN5Catch8TestCaseEEEE7destroyIS2_EEvRS4_PT_
FN:486,_ZNSt16allocator_traitsISaIN5Catch5Clara11CommandLineINS0_10ConfigDataEE3ArgEEE7destroyIS5_EEvRS6_PT_
FN:486,_ZNSt16allocator_traitsISaISt13_Rb_tree_nodeISt4pairIKNSt7__cxx1112basic_stringIcSt11char_traitsIcESaIcEEEPN5Catch14IGeneratorInfoEEEEE7destroyISC_EEvRSE_PT_
FN:486,_ZNSt16allocator_traitsISaINSt7__cxx1112basic_stringIcSt11char_traitsIcESaIcEEEEE7destroyIS5_EEvRS6_PT_
FN:486,_ZNSt16allocator_traitsISaIN5Catch11SectionInfoEEE7destroyIS1_EEvRS2_PT_
FN:486,_ZNSt16allocator_traitsISaIN5Catch3PtrINS0_16IReporterFactoryEEEEE7destroyIS3_EEvRS4_PT_
FN:486,_ZNSt16allocator_traitsISaIPN5Catch14IGeneratorInfoEEE7destroyIS2_EEvRS3_PT_
FN:486,_ZNSt16allocator_traitsISaIN5Catch3PtrINS0_22CumulativeReporterBase4NodeINS0_12TestRunStatsENS3_INS0_14TestGroupStatsENS3_INS0_13TestCaseStatsENS2_11SectionNodeEEEEEEEEEEE7destroyISB_EEvRSC_PT_
FN:486,_ZNSt16allocator_traitsISaImEE7destroyImEEvRS0_PT_
FN:486,_ZNSt16allocator_traitsISaISt13_Rb_tree_nodeISt4pairIKNSt7__cxx1112basic_stringIcSt11char_traitsIcESaIcEEEN5Catch3PtrINS9_16IReporterFactoryEEEEEEE7destroyISD_EEvRSF_PT_
FN:486,_ZNSt16allocator_traitsISaIN5Catch14AssertionStatsEEE7destroyIS1_EEvRS2_PT_
FN:486,_ZNSt16allocator_traitsISaIN5Catch11MessageInfoEEE7destroyIS1_EEvRS2_PT_
FN:486,_ZNSt16allocator_traitsISaIN5Catch3PtrINS0_22CumulativeReporterBase4NodeINS0_13TestCaseStatsENS2_11SectionNodeEEEEEEE7destroyIS7_EEvRS8_PT_
FN:486,_ZNSt16allocator_traitsISaIN5Catch8TestSpec6FilterEEE7destroyIS2_EEvRS3_PT_
FN:486,_ZNSt16allocator_traitsISaISt13_Rb_tree_nodeISt4pairIKNSt7__cxx1112basic_stringIcSt11char_traitsIcESaIcEEEN5Catch8TagAliasEEEEE7destroyISB_EEvRSD_PT_
FN:486,_ZNSt16allocator_traitsISaIN5Catch3PtrINS0_8TestSpec7PatternEEEEE7destroyIS4_EEvRS5_PT_
FN:486,_ZNSt16allocator_traitsISaIN5Catch14SectionEndInfoEEE7destroyIS1_EEvRS2_PT_
FN:486,_ZNSt16allocator_traitsISaISt13_Rb_tree_nodeISt4pairIKNSt7__cxx1112basic_stringIcSt11char_traitsIcESaIcEEEPN5Catch18IGeneratorsForTestEEEEE7destroyISC_EEvRSE_PT_
FN:486,_ZNSt16allocator_traitsISaIN5Catch3PtrINS0_16TestCaseTracking8ITrackerEEEEE7destroyIS4_EEvRS5_PT_
FN:486,_ZNSt16allocator_traitsISaISt13_Rb_tree_nodeISt4pairIKiN5Catch5Clara11CommandLineINS3_10ConfigDataEE3ArgEEEEE7destroyIS9_EEvRSB_PT_
FN:486,_ZNSt16allocator_traitsISaIN5Catch3PtrINS0_22CumulativeReporterBase11SectionNodeEEEEE7destroyIS4_EEvRS5_PT_
FN:486,_ZNSt16allocator_traitsISaIPN5Catch16TestCaseTracking8ITrackerEEE7destroyIS3_EEvRS4_PT_
FN:486,_ZNSt16allocator_traitsISaISt13_Rb_tree_nodeINSt7__cxx1112basic_stringIcSt11char_traitsIcESaIcEEEEEE7destroyIS6_EEvRS8_PT_
FN:495,_ZNSt16allocator_traitsISaImEE8max_sizeERKS0_
FN:495,_ZNSt16allocator_traitsISaIN5Catch3PtrINS0_22CumulativeReporterBase4NodeINS0_12TestRunStatsENS3_INS0_14TestGroupStatsENS3_INS0_13TestCaseStatsENS2_11SectionNodeEEEEEEEEEEE8max_sizeERKSC_
FN:495,_ZNSt16allocator_traitsISaIN5Catch14AssertionStatsEEE8max_sizeERKS2_
FN:495,_ZNSt16allocator_traitsISaIN5Catch11SectionInfoEEE8max_sizeERKS2_
FN:495,_ZNSt16allocator_traitsISaIN5Catch5Clara11CommandLineINS0_10ConfigDataEE3ArgEEE8max_sizeERKS6_
FN:495,_ZNSt16allocator_traitsISaIN5Catch8TestSpec6FilterEEE8max_sizeERKS3_
FN:495,_ZNSt16allocator_traitsISaIPKN5Catch20IExceptionTranslatorEEE8max_sizeERKS4_
FN:495,_ZNSt16allocator_traitsISaINSt7__cxx1112basic_stringIcSt11char_traitsIcESaIcEEEEE8max_sizeERKS6_
FN:495,_ZNSt16allocator_traitsISaIN5Catch3PtrINS0_22CumulativeReporterBase4NodeINS0_14TestGroupStatsENS3_INS0_13TestCaseStatsENS2_11SectionNodeEEEEEEEEE8max_sizeERKSA_
FN:495,_ZNSt16allocator_traitsISaIN5Catch14SectionEndInfoEEE8max_sizeERKS2_
FN:495,_ZNSt16allocator_traitsISaIN5Catch5Clara6Parser5TokenEEE8max_sizeERKS4_
FN:495,_ZNSt16allocator_traitsISaIN5Catch15ConsoleReporter13SummaryColumnEEE8max_sizeERKS3_
FN:495,_ZNSt16allocator_traitsISaIN5Catch3PtrINS0_16IReporterFactoryEEEEE8max_sizeERKS4_
FN:495,_ZNSt16allocator_traitsISaIN5Catch3PtrINS0_8TestSpec7PatternEEEEE8max_sizeERKS5_
FN:495,_ZNSt16allocator_traitsISaIPN5Catch16TestCaseTracking8ITrackerEEE8max_sizeERKS4_
FN:495,_ZNSt16allocator_traitsISaIN5Catch3PtrINS0_22CumulativeReporterBase11SectionNodeEEEEE8max_sizeERKS5_
FN:495,_ZNSt16allocator_traitsISaIN5Catch3PtrINS0_18IStreamingReporterEEEEE8max_sizeERKS4_
FN:495,_ZNSt16allocator_traitsISaIN5Catch3PtrINS0_16TestCaseTracking8ITrackerEEEEE8max_sizeERKS5_
FN:495,_ZNSt16allocator_traitsISaIN5Catch3PtrINS0_22CumulativeReporterBase4NodeINS0_13TestCaseStatsENS2_11SectionNodeEEEEEEE8max_sizeERKS8_
FN:495,_ZNSt16allocator_traitsISaIPN5Catch14IGeneratorInfoEEE8max_sizeERKS3_
FN:495,_ZNSt16allocator_traitsISaIN5Catch8TestCaseEEE8max_sizeERKS2_
FN:495,_ZNSt16allocator_traitsISaIN5Catch11MessageInfoEEE8max_sizeERKS2_
FN:504,_ZNSt16allocator_traitsISaIN5Catch11MessageInfoEEE37select_on_container_copy_constructionERKS2_
FN:504,_ZNSt16allocator_traitsISaIN5Catch8TestCaseEEE37select_on_container_copy_constructionERKS2_
FN:504,_ZNSt16allocator_traitsISaINSt7__cxx1112basic_stringIcSt11char_traitsIcESaIcEEEEE37select_on_container_copy_constructionERKS6_
FN:504,_ZNSt16allocator_traitsISaIN5Catch3PtrINS0_8TestSpec7PatternEEEEE37select_on_container_copy_constructionERKS5_
FN:504,_ZNSt16allocator_traitsISaIN5Catch8TestSpec6FilterEEE37select_on_container_copy_constructionERKS3_
FN:504,_ZNSt16allocator_traitsISaIN5Catch3PtrINS0_16IReporterFactoryEEEEE37select_on_container_copy_constructionERKS4_
FN:504,_ZNSt16allocator_traitsISaISt13_Rb_tree_nodeINSt7__cxx1112basic_stringIcSt11char_traitsIcESaIcEEEEEE37select_on_container_copy_constructionERKS8_
FN:504,_ZNSt16allocator_traitsISaIN5Catch5Clara6Parser5TokenEEE37select_on_container_copy_constructionERKS4_
FN:516,_ZSt18__do_alloc_on_copyISaISt13_Rb_tree_nodeINSt7__cxx1112basic_stringIcSt11char_traitsIcESaIcEEEEEEvRT_RKS9_St17integral_constantIbLb0EE
FN:520,_ZSt15__alloc_on_copyISaISt13_Rb_tree_nodeINSt7__cxx1112basic_stringIcSt11char_traitsIcESaIcEEEEEEvRT_RKS9_
FN:535,_ZSt18__do_alloc_on_moveISaIN5Catch8TestSpec6FilterEEEvRT_S5_St17integral_constantIbLb1EE
FN:535,_ZSt18__do_alloc_on_moveISaIN5Catch8TestCaseEEEvRT_S4_St17integral_constantIbLb1EE
FN:535,_ZSt18__do_alloc_on_moveISaIN5Catch3PtrINS0_8TestSpec7PatternEEEEEvRT_S7_St17integral_constantIbLb1EE
FN:535,_ZSt18__do_alloc_on_moveISaIN5Catch5Clara6Parser5TokenEEEvRT_S6_St17integral_constantIbLb1EE
FN:543,_ZSt15__alloc_on_moveISaIN5Catch8TestCaseEEEvRT_S4_
FN:543,_ZSt15__alloc_on_moveISaIN5Catch8TestSpec6FilterEEEvRT_S5_
FN:543,_ZSt15__alloc_on_moveISaIN5Catch5Clara6Parser5TokenEEEvRT_S6_
FN:543,_ZSt15__alloc_on_moveISaIN5Catch3PtrINS0_8TestSpec7PatternEEEEEvRT_S7_
FN:558,_ZSt18__do_alloc_on_swapISaISt13_Rb_tree_nodeINSt7__cxx1112basic_stringIcSt11char_traitsIcESaIcEEEEEEvRT_SA_St17integral_constantIbLb0EE
FN:558,_ZSt18__do_alloc_on_swapISaIN5Catch3PtrINS0_22CumulativeReporterBase4NodeINS0_13TestCaseStatsENS2_11SectionNodeEEEEEEEvRT_SA_St17integral_constantIbLb0EE
FN:558,_ZSt18__do_alloc_on_swapISaIN5Catch3PtrINS0_22CumulativeReporterBase4NodeINS0_14TestGroupStatsENS3_INS0_13TestCaseStatsENS2_11SectionNodeEEEEEEEEEvRT_SC_St17integral_constantIbLb0EE
FN:562,_ZSt15__alloc_on_swapISaISt13_Rb_tree_nodeINSt7__cxx1112basic_stringIcSt11char_traitsIcESaIcEEEEEEvRT_SA_
FN:562,_ZSt15__alloc_on_swapISaIN5Catch3PtrINS0_22CumulativeReporterBase4NodeINS0_13TestCaseStatsENS2_11SectionNodeEEEEEEEvRT_SA_
FN:562,_ZSt15__alloc_on_swapISaIN5Catch3PtrINS0_22CumulativeReporterBase4NodeINS0_14TestGroupStatsENS3_INS0_13TestCaseStatsENS2_11SectionNodeEEEEEEEEEvRT_SC_
FNDA:0,_ZNSt16allocator_traitsISaISt13_Rb_tree_nodeISt4pairIKNSt7__cxx1112basic_stringIcSt11char_traitsIcESaIcEEEN5Catch8TagAliasEEEEE8allocateERSD_m
FNDA:0,_ZNSt16allocator_traitsISaISt13_Rb_tree_nodeISt4pairIKNSt7__cxx1112basic_stringIcSt11char_traitsIcESaIcEEEPN5Catch14IGeneratorInfoEEEEE8allocateERSE_m
FNDA:0,_ZNSt16allocator_traitsISaISt13_Rb_tree_nodeISt4pairIKNSt7__cxx1112basic_stringIcSt11char_traitsIcESaIcEEEPN5Catch18IGeneratorsForTestEEEEE8allocateERSE_m
FNDA:4,_ZNSt16allocator_traitsISaISt13_Rb_tree_nodeISt4pairIKNSt7__cxx1112basic_stringIcSt11char_traitsIcESaIcEEEN5Catch3PtrINS9_16IReporterFactoryEEEEEEE8allocateERSF_m
FNDA:12,_ZNSt16allocator_traitsISaISt13_Rb_tree_nodeIN5Catch8TestCaseEEEE8allocateERS4_m
FNDA:0,_ZNSt16allocator_traitsISaISt13_Rb_tree_nodeISt4pairIKNSt7__cxx1112basic_stringIcSt11char_traitsIcESaIcEEEN5Catch7TagInfoEEEEE8allocateERSD_m
FNDA:0,_ZNSt16allocator_traitsISaISt13_Rb_tree_nodeINSt7__cxx1112basic_stringIcSt11char_traitsIcESaIcEEEEEE8allocateERS8_m
FNDA:6,_ZNSt16allocator_traitsISaIN5Catch5Clara11CommandLineINS0_10ConfigDataEE3ArgEEE8allocateERS6_m
FNDA:0,_ZNSt16allocator_traitsISaIN5Catch15ConsoleReporter13SummaryColumnEEE8allocateERS3_m
FNDA:0,_ZNSt16allocator_traitsISaIPN5Catch16TestCaseTracking8ITrackerEEE8allocateERS4_m
FNDA:0,_ZNSt16allocator_traitsISaIN5Catch5Clara6Parser5TokenEEE8allocateERS4_m
FNDA:3,_ZNSt16allocator_traitsISaIN5Catch3PtrINS0_8TestSpec7PatternEEEEE8allocateERS5_m
FNDA:0,_ZNSt16allocator_traitsISaIN5Catch3PtrINS0_22CumulativeReporterBase4NodeINS0_12TestRunStatsENS3_INS0_14TestGroupStatsENS3_INS0_13TestCaseStatsENS2_11SectionNodeEEEEEEEEEEE8allocateERSC_m
FNDA:0,_ZNSt16allocator_traitsISaIN5Catch3PtrINS0_22CumulativeReporterBase4NodeINS0_14TestGroupStatsENS3_INS0_13TestCaseStatsENS2_11SectionNodeEEEEEEEEE8allocateERSA_m
FNDA:0,_ZNSt16allocator_traitsISaIN5Catch3PtrINS0_22CumulativeReporterBase4NodeINS0_13TestCaseStatsENS2_11SectionNodeEEEEEEE8allocateERS8_m
FNDA:0,_ZNSt16allocator_traitsISaIN5Catch14AssertionStatsEEE8allocateERS2_m
FNDA:0,_ZNSt16allocator_traitsISaIN5Catch3PtrINS0_22CumulativeReporterBase11SectionNodeEEEEE8allocateERS5_m
FNDA:1,_ZNSt16allocator_traitsISaIN5Catch11SectionInfoEEE8allocateERS2_m
FNDA:0,_ZNSt16allocator_traitsISaIN5Catch3PtrINS0_18IStreamingReporterEEEEE8allocateERS4_m
FNDA:0,_ZNSt16allocator_traitsISaIPN5Catch14IGeneratorInfoEEE8allocateERS3_m
FNDA:0,_ZNSt16allocator_traitsISaIPKN5Catch20IExceptionTranslatorEEE8allocateERS4_m
FNDA:0,_ZNSt16allocator_traitsISaIN5Catch3PtrINS0_16IReporterFactoryEEEEE8allocateERS4_m
FNDA:6,_ZNSt16allocator_traitsISaIN5Catch8TestCaseEEE8allocateERS2_m
FNDA:0,_ZNSt16allocator_traitsISaIN5Catch14SectionEndInfoEEE8allocateERS2_m
FNDA:12,_ZNSt16allocator_traitsISaIN5Catch3PtrINS0_16TestCaseTracking8ITrackerEEEEE8allocateERS5_m
FNDA:0,_ZNSt16allocator_traitsISaIN5Catch11MessageInfoEEE8allocateERS2_m
FNDA:51,_ZNSt16allocator_traitsISaINSt7__cxx1112basic_stringIcSt11char_traitsIcESaIcEEEEE8allocateERS6_m
FNDA:2,_ZNSt16allocator_traitsISaIN5Catch8TestSpec6FilterEEE8allocateERS3_m
FNDA:0,_ZNSt16allocator_traitsISaImEE8allocateERS0_m
FNDA:0,_ZNSt16allocator_traitsISaISt13_Rb_tree_nodeISt4pairIKNSt7__cxx1112basic_stringIcSt11char_traitsIcESaIcEEEPN5Catch14IGeneratorInfoEEEEE10deallocateERSE_PSD_m
FNDA:0,_ZNSt16allocator_traitsISaISt13_Rb_tree_nodeISt4pairIKNSt7__cxx1112basic_stringIcSt11char_traitsIcESaIcEEEPN5Catch18IGeneratorsForTestEEEEE10deallocateERSE_PSD_m
FNDA:0,_ZNSt16allocator_traitsISaISt13_Rb_tree_nodeISt4pairIKNSt7__cxx1112basic_stringIcSt11char_traitsIcESaIcEEEN5Catch8TagAliasEEEEE10deallocateERSD_PSC_m
FNDA:4,_ZNSt16allocator_traitsISaISt13_Rb_tree_nodeISt4pairIKNSt7__cxx1112basic_stringIcSt11char_traitsIcESaIcEEEN5Catch3PtrINS9_16IReporterFactoryEEEEEEE10deallocateERSF_PSE_m
FNDA:12,_ZNSt16allocator_traitsISaISt13_Rb_tree_nodeIN5Catch8TestCaseEEEE10deallocateERS4_PS3_m
FNDA:0,_ZNSt16allocator_traitsISaISt13_Rb_tree_nodeISt4pairIKNSt7__cxx1112basic_stringIcSt11char_traitsIcESaIcEEEN5Catch7TagInfoEEEEE10deallocateERSD_PSC_m
FNDA:0,_ZNSt16allocator_traitsISaISt13_Rb_tree_nodeINSt7__cxx1112basic_stringIcSt11char_traitsIcESaIcEEEEEE10deallocateERS8_PS7_m
FNDA:0,_ZNSt16allocator_traitsISaISt13_Rb_tree_nodeISt4pairIKiN5Catch5Clara11CommandLineINS3_10ConfigDataEE3ArgEEEEE10deallocateERSB_PSA_m
FNDA:0,_ZNSt16allocator_traitsISaIN5Catch15ConsoleReporter13SummaryColumnEEE10deallocateERS3_PS2_m
FNDA:0,_ZNSt16allocator_traitsISaIN5Catch3PtrINS0_22CumulativeReporterBase4NodeINS0_12TestRunStatsENS3_INS0_14TestGroupStatsENS3_INS0_13TestCaseStatsENS2_11SectionNodeEEEEEEEEEEE10deallocateERSC_PSB_m
FNDA:0,_ZNSt16allocator_traitsISaIN5Catch3PtrINS0_22CumulativeReporterBase4NodeINS0_14TestGroupStatsENS3_INS0_13TestCaseStatsENS2_11SectionNodeEEEEEEEEE10deallocateERSA_PS9_m
FNDA:0,_ZNSt16allocator_traitsISaIN5Catch3PtrINS0_22CumulativeReporterBase4NodeINS0_13TestCaseStatsENS2_11SectionNodeEEEEEEE10deallocateERS8_PS7_m
FNDA:0,_ZNSt16allocator_traitsISaISt6vectorIN5Catch3PtrINS1_22CumulativeReporterBase11SectionNodeEEESaIS5_EEEE10deallocateERS8_PS7_m
FNDA:0,_ZNSt16allocator_traitsISaIN5Catch14AssertionStatsEEE10deallocateERS2_PS1_m
FNDA:0,_ZNSt16allocator_traitsISaIN5Catch3PtrINS0_22CumulativeReporterBase11SectionNodeEEEEE10deallocateERS5_PS4_m
FNDA:1,_ZNSt16allocator_traitsISaIN5Catch11SectionInfoEEE10deallocateERS2_PS1_m
FNDA:0,_ZNSt16allocator_traitsISaIN5Catch3PtrINS0_18IStreamingReporterEEEEE10deallocateERS4_PS3_m
FNDA:0,_ZNSt16allocator_traitsISaIPKN5Catch8Matchers4Impl11MatcherBaseINSt7__cxx1112basic_stringIcSt11char_traitsIcESaIcEEES9_EEEE10deallocateERSD_PSC_m
FNDA:0,_ZNSt16allocator_traitsISaIPN5Catch14IGeneratorInfoEEE10deallocateERS3_PS2_m
FNDA:0,_ZNSt16allocator_traitsISaIPKN5Catch20IExceptionTranslatorEEE10deallocateERS4_PS3_m
FNDA:0,_ZNSt16allocator_traitsISaIN5Catch5Clara6Parser5TokenEEE10deallocateERS4_PS3_m
FNDA:0,_ZNSt16allocator_traitsISaIN5Catch3PtrINS0_16IReporterFactoryEEEEE10deallocateERS4_PS3_m
FNDA:0,_ZNSt16allocator_traitsISaIPN5Catch16TestCaseTracking8ITrackerEEE10deallocateERS4_PS3_m
FNDA:0,_ZNSt16allocator_traitsISaIN5Catch14SectionEndInfoEEE10deallocateERS2_PS1_m
FNDA:12,_ZNSt16allocator_traitsISaIN5Catch3PtrINS0_16TestCaseTracking8ITrackerEEEEE10deallocateERS5_PS4_m
FNDA:0,_ZNSt16allocator_traitsISaIN5Catch11MessageInfoEEE10deallocateERS2_PS1_m
FNDA:6,_ZNSt16allocator_traitsISaIN5Catch5Clara11CommandLineINS0_10ConfigDataEE3ArgEEE10deallocateERS6_PS5_m
FNDA:2,_ZNSt16allocator_traitsISaIN5Catch8TestSpec6FilterEEE10deallocateERS3_PS2_m
FNDA:3,_ZNSt16allocator_traitsISaIN5Catch3PtrINS0_8TestSpec7PatternEEEEE10deallocateERS5_PS4_m
FNDA:0,_ZNSt16allocator_traitsISaImEE10deallocateERS0_Pmm
FNDA:6,_ZNSt16allocator_traitsISaIN5Catch8TestCaseEEE10deallocateERS2_PS1_m
FNDA:51,_ZNSt16allocator_traitsISaINSt7__cxx1112basic_stringIcSt11char_traitsIcESaIcEEEEE10deallocateERS6_PS5_m
FNDA:0,_ZNSt16allocator_traitsISaISt13_Rb_tree_nodeISt4pairIKNSt7__cxx1112basic_stringIcSt11char_traitsIcESaIcEEEN5Catch8TagAliasEEEEE9constructISB_JS1_IS7_SA_EEEEvRSD_PT_DpOT0_
FNDA:0,_ZNSt16allocator_traitsISaISt13_Rb_tree_nodeISt4pairIKNSt7__cxx1112basic_stringIcSt11char_traitsIcESaIcEEEPN5Catch14IGeneratorInfoEEEEE9constructISC_JS1_IS7_SB_EEEEvRSE_PT_DpOT0_
FNDA:0,_ZNSt16allocator_traitsISaISt13_Rb_tree_nodeISt4pairIKNSt7__cxx1112basic_stringIcSt11char_traitsIcESaIcEEEPN5Catch18IGeneratorsForTestEEEEE9constructISC_JS1_IS7_SB_EEEEvRSE_PT_DpOT0_
FNDA:4,_ZNSt16allocator_traitsISaISt13_Rb_tree_nodeISt4pairIKNSt7__cxx1112basic_stringIcSt11char_traitsIcESaIcEEEN5Catch3PtrINS9_16IReporterFactoryEEEEEEE9constructISD_JS1_IS7_SC_EEEEvRSF_PT_DpOT0_
FNDA:12,_ZNSt16allocator_traitsISaISt13_Rb_tree_nodeIN5Catch8TestCaseEEEE9constructIS2_JRKS2_EEEvRS4_PT_DpOT0_
FNDA:0,_ZNSt16allocator_traitsISaISt13_Rb_tree_nodeINSt7__cxx1112basic_stringIcSt11char_traitsIcESaIcEEEEEE9constructIS6_JS6_EEEvRS8_PT_DpOT0_
FNDA:0,_ZNSt16allocator_traitsISaISt13_Rb_tree_nodeISt4pairIKNSt7__cxx1112basic_stringIcSt11char_traitsIcESaIcEEEN5Catch7TagInfoEEEEE9constructISB_JS1_IS7_SA_EEEEvRSD_PT_DpOT0_
FNDA:0,_ZNSt16allocator_traitsISaISt13_Rb_tree_nodeINSt7__cxx1112basic_stringIcSt11char_traitsIcESaIcEEEEEE9constructIS6_JRKS6_EEEvRS8_PT_DpOT0_
FNDA:0,_ZNSt16allocator_traitsISaIN5Catch5Clara6Parser5TokenEEE9constructIS3_JRKS3_EEEvRS4_PT_DpOT0_
FNDA:23,_ZNSt16allocator_traitsISaIN5Catch5Clara11CommandLineINS0_10ConfigDataEE3ArgEEE9constructIS5_JS5_EEEvRS6_PT_DpOT0_
FNDA:0,_ZNSt16allocator_traitsISaIN5Catch15ConsoleReporter13SummaryColumnEEE9constructIS2_JS2_EEEvRS3_PT_DpOT0_
FNDA:0,_ZNSt16allocator_traitsISaIPN5Catch16TestCaseTracking8ITrackerEEE9constructIS3_JS3_EEEvRS4_PT_DpOT0_
FNDA:0,_ZNSt16allocator_traitsISaIN5Catch5Clara6Parser5TokenEEE9constructIS3_JS3_EEEvRS4_PT_DpOT0_
FNDA:19,_ZNSt16allocator_traitsISaINSt7__cxx1112basic_stringIcSt11char_traitsIcESaIcEEEEE9constructIS5_JS5_EEEvRS6_PT_DpOT0_
FNDA:1,_ZNSt16allocator_traitsISaIN5Catch3PtrINS0_8TestSpec7PatternEEEEE9constructIS4_JRKS4_EEEvRS5_PT_DpOT0_
FNDA:0,_ZNSt16allocator_traitsISaIN5Catch3PtrINS0_22CumulativeReporterBase4NodeINS0_12TestRunStatsENS3_INS0_14TestGroupStatsENS3_INS0_13TestCaseStatsENS2_11SectionNodeEEEEEEEEEEE9constructISB_JRKSB_EEEvRSC_PT_DpOT0_
FNDA:0,_ZNSt16allocator_traitsISaIN5Catch3PtrINS0_22CumulativeReporterBase4NodeINS0_14TestGroupStatsENS3_INS0_13TestCaseStatsENS2_11SectionNodeEEEEEEEEE9constructIS9_JRKS9_EEEvRSA_PT_DpOT0_
FNDA:0,_ZNSt16allocator_traitsISaIN5Catch3PtrINS0_22CumulativeReporterBase4NodeINS0_13TestCaseStatsENS2_11SectionNodeEEEEEEE9constructIS7_JRKS7_EEEvRS8_PT_DpOT0_
FNDA:0,_ZNSt16allocator_traitsISaIN5Catch14AssertionStatsEEE9constructIS1_JRKS1_EEEvRS2_PT_DpOT0_
FNDA:0,_ZNSt16allocator_traitsISaIN5Catch3PtrINS0_22CumulativeReporterBase11SectionNodeEEEEE9constructIS4_JRKS4_EEEvRS5_PT_DpOT0_
FNDA:12,_ZNSt16allocator_traitsISaIN5Catch11SectionInfoEEE9constructIS1_JRKS1_EEEvRS2_PT_DpOT0_
FNDA:0,_ZNSt16allocator_traitsISaIN5Catch3PtrINS0_18IStreamingReporterEEEEE9constructIS3_JRKS3_EEEvRS4_PT_DpOT0_
FNDA:0,_ZNSt16allocator_traitsISaIPN5Catch14IGeneratorInfoEEE9constructIS2_JRKS2_EEEvRS3_PT_DpOT0_
FNDA:0,_ZNSt16allocator_traitsISaIPKN5Catch20IExceptionTranslatorEEE9constructIS3_JRKS3_EEEvRS4_PT_DpOT0_
FNDA:0,_ZNSt16allocator_traitsISaIN5Catch3PtrINS0_16IReporterFactoryEEEEE9constructIS3_JRKS3_EEEvRS4_PT_DpOT0_
FNDA:12,_ZNSt16allocator_traitsISaIN5Catch8TestCaseEEE9constructIS1_JRKS1_EEEvRS2_PT_DpOT0_
FNDA:0,_ZNSt16allocator_traitsISaIN5Catch14SectionEndInfoEEE9constructIS1_JRKS1_EEEvRS2_PT_DpOT0_
FNDA:12,_ZNSt16allocator_traitsISaIN5Catch3PtrINS0_16TestCaseTracking8ITrackerEEEEE9constructIS4_JRKS4_EEEvRS5_PT_DpOT0_
FNDA:0,_ZNSt16allocator_traitsISaIN5Catch11MessageInfoEEE9constructIS1_JRKS1_EEEvRS2_PT_DpOT0_
FNDA:0,_ZNSt16allocator_traitsISaINSt7__cxx1112basic_stringIcSt11char_traitsIcESaIcEEEEE9constructIS5_JRKS5_EEEvRS6_PT_DpOT0_
FNDA:1,_ZNSt16allocator_traitsISaIN5Catch8TestSpec6FilterEEE9constructIS2_JRKS2_EEEvRS3_PT_DpOT0_
FNDA:0,_ZNSt16allocator_traitsISaImEE9constructImJRKmEEEvRS0_PT_DpOT0_
FNDA:0,_ZNSt16allocator_traitsISaISt13_Rb_tree_nodeISt4pairIKNSt7__cxx1112basic_stringIcSt11char_traitsIcESaIcEEEPN5Catch14IGeneratorInfoEEEEE7destroyISC_EEvRSE_PT_
FNDA:0,_ZNSt16allocator_traitsISaISt13_Rb_tree_nodeISt4pairIKNSt7__cxx1112basic_stringIcSt11char_traitsIcESaIcEEEPN5Catch18IGeneratorsForTestEEEEE7destroyISC_EEvRSE_PT_
FNDA:0,_ZNSt16allocator_traitsISaISt13_Rb_tree_nodeISt4pairIKNSt7__cxx1112basic_stringIcSt11char_traitsIcESaIcEEEN5Catch8TagAliasEEEEE7destroyISB_EEvRSD_PT_
FNDA:4,_ZNSt16allocator_traitsISaISt13_Rb_tree_nodeISt4pairIKNSt7__cxx1112basic_stringIcSt11char_traitsIcESaIcEEEN5Catch3PtrINS9_16IReporterFactoryEEEEEEE7destroyISD_EEvRSF_PT_
FNDA:12,_ZNSt16allocator_traitsISaISt13_Rb_tree_nodeIN5Catch8TestCaseEEEE7destroyIS2_EEvRS4_PT_
FNDA:0,_ZNSt16allocator_traitsISaISt13_Rb_tree_nodeISt4pairIKNSt7__cxx1112basic_stringIcSt11char_traitsIcESaIcEEEN5Catch7TagInfoEEEEE7destroyISB_EEvRSD_PT_
FNDA:0,_ZNSt16allocator_traitsISaISt13_Rb_tree_nodeINSt7__cxx1112basic_stringIcSt11char_traitsIcESaIcEEEEEE7destroyIS6_EEvRS8_PT_
FNDA:0,_ZNSt16allocator_traitsISaIN5Catch5Clara11CommandLineINS0_10ConfigDataEE3ArgEEE7destroyIS5_EEvRS6_PT_
FNDA:0,_ZNSt16allocator_traitsISaISt13_Rb_tree_nodeISt4pairIKiN5Catch5Clara11CommandLineINS3_10ConfigDataEE3ArgEEEEE7destroyIS9_EEvRSB_PT_
FNDA:0,_ZNSt16allocator_traitsISaIN5Catch15ConsoleReporter13SummaryColumnEEE7destroyIS2_EEvRS3_PT_
FNDA:0,_ZNSt16allocator_traitsISaIN5Catch5Clara6Parser5TokenEEE7destroyIS3_EEvRS4_PT_
FNDA:0,_ZNSt16allocator_traitsISaIN5Catch3PtrINS0_8TestSpec7PatternEEEEE7destroyIS4_EEvRS5_PT_
FNDA:0,_ZNSt16allocator_traitsISaIN5Catch3PtrINS0_22CumulativeReporterBase4NodeINS0_12TestRunStatsENS3_INS0_14TestGroupStatsENS3_INS0_13TestCaseStatsENS2_11SectionNodeEEEEEEEEEEE7destroyISB_EEvRSC_PT_
FNDA:0,_ZNSt16allocator_traitsISaIN5Catch3PtrINS0_22CumulativeReporterBase4NodeINS0_14TestGroupStatsENS3_INS0_13TestCaseStatsENS2_11SectionNodeEEEEEEEEE7destroyIS9_EEvRSA_PT_
FNDA:0,_ZNSt16allocator_traitsISaIN5Catch3PtrINS0_22CumulativeReporterBase4NodeINS0_13TestCaseStatsENS2_11SectionNodeEEEEEEE7destroyIS7_EEvRS8_PT_
FNDA:0,_ZNSt16allocator_traitsISaIN5Catch14AssertionStatsEEE7destroyIS1_EEvRS2_PT_
FNDA:0,_ZNSt16allocator_traitsISaIN5Catch3PtrINS0_18IStreamingReporterEEEEE7destroyIS3_EEvRS4_PT_
FNDA:0,_ZNSt16allocator_traitsISaIPN5Catch14IGeneratorInfoEEE7destroyIS2_EEvRS3_PT_
FNDA:0,_ZNSt16allocator_traitsISaIPKN5Catch20IExceptionTranslatorEEE7destroyIS3_EEvRS4_PT_
FNDA:0,_ZNSt16allocator_traitsISaIN5Catch3PtrINS0_16IReporterFactoryEEEEE7destroyIS3_EEvRS4_PT_
FNDA:0,_ZNSt16allocator_traitsISaIN5Catch8TestCaseEEE7destroyIS1_EEvRS2_PT_
FNDA:0,_ZNSt16allocator_traitsISaIN5Catch14SectionEndInfoEEE7destroyIS1_EEvRS2_PT_
FNDA:0,_ZNSt16allocator_traitsISaIN5Catch3PtrINS0_16TestCaseTracking8ITrackerEEEEE7destroyIS4_EEvRS5_PT_
FNDA:0,_ZNSt16allocator_traitsISaIN5Catch11MessageInfoEEE7destroyIS1_EEvRS2_PT_
FNDA:0,_ZNSt16allocator_traitsISaIN5Catch8TestSpec6FilterEEE7destroyIS2_EEvRS3_PT_
FNDA:0,_ZNSt16allocator_traitsISaImEE7destroyImEEvRS0_PT_
FNDA:0,_ZNSt16allocator_traitsISaINSt7__cxx1112basic_stringIcSt11char_traitsIcESaIcEEEEE7destroyIS5_EEvRS6_PT_
FNDA:0,_ZNSt16allocator_traitsISaIN5Catch3PtrINS0_22CumulativeReporterBase11SectionNodeEEEEE7destroyIS4_EEvRS5_PT_
FNDA:12,_ZNSt16allocator_traitsISaIN5Catch11SectionInfoEEE7destroyIS1_EEvRS2_PT_
FNDA:0,_ZNSt16allocator_traitsISaIPN5Catch16TestCaseTracking8ITrackerEEE7destroyIS3_EEvRS4_PT_
FNDA:12,_ZNSt16allocator_traitsISaIN5Catch5Clara11CommandLineINS0_10ConfigDataEE3ArgEEE8max_sizeERKS6_
FNDA:0,_ZNSt16allocator_traitsISaIN5Catch15ConsoleReporter13SummaryColumnEEE8max_sizeERKS3_
FNDA:0,_ZNSt16allocator_traitsISaIPN5Catch16TestCaseTracking8ITrackerEEE8max_sizeERKS4_
FNDA:0,_ZNSt16allocator_traitsISaIN5Catch5Clara6Parser5TokenEEE8max_sizeERKS4_
FNDA:2,_ZNSt16allocator_traitsISaIN5Catch3PtrINS0_8TestSpec7PatternEEEEE8max_sizeERKS5_
FNDA:0,_ZNSt16allocator_traitsISaIN5Catch3PtrINS0_22CumulativeReporterBase4NodeINS0_12TestRunStatsENS3_INS0_14TestGroupStatsENS3_INS0_13TestCaseStatsENS2_11SectionNodeEEEEEEEEEEE8max_sizeERKSC_
FNDA:0,_ZNSt16allocator_traitsISaIN5Catch3PtrINS0_22CumulativeReporterBase4NodeINS0_14TestGroupStatsENS3_INS0_13TestCaseStatsENS2_11SectionNodeEEEEEEEEE8max_sizeERKSA_
FNDA:0,_ZNSt16allocator_traitsISaIN5Catch3PtrINS0_22CumulativeReporterBase4NodeINS0_13TestCaseStatsENS2_11SectionNodeEEEEEEE8max_sizeERKS8_
FNDA:0,_ZNSt16allocator_traitsISaIN5Catch14AssertionStatsEEE8max_sizeERKS2_
FNDA:0,_ZNSt16allocator_traitsISaIN5Catch3PtrINS0_22CumulativeReporterBase11SectionNodeEEEEE8max_sizeERKS5_
FNDA:2,_ZNSt16allocator_traitsISaIN5Catch11SectionInfoEEE8max_sizeERKS2_
FNDA:0,_ZNSt16allocator_traitsISaIN5Catch3PtrINS0_18IStreamingReporterEEEEE8max_sizeERKS4_
FNDA:0,_ZNSt16allocator_traitsISaIPN5Catch14IGeneratorInfoEEE8max_sizeERKS3_
FNDA:0,_ZNSt16allocator_traitsISaIPKN5Catch20IExceptionTranslatorEEE8max_sizeERKS4_
FNDA:0,_ZNSt16allocator_traitsISaIN5Catch3PtrINS0_16IReporterFactoryEEEEE8max_sizeERKS4_
FNDA:0,_ZNSt16allocator_traitsISaIN5Catch14SectionEndInfoEEE8max_sizeERKS2_
FNDA:24,_ZNSt16allocator_traitsISaIN5Catch3PtrINS0_16TestCaseTracking8ITrackerEEEEE8max_sizeERKS5_
FNDA:0,_ZNSt16allocator_traitsISaIN5Catch11MessageInfoEEE8max_sizeERKS2_
FNDA:38,_ZNSt16allocator_traitsISaINSt7__cxx1112basic_stringIcSt11char_traitsIcESaIcEEEEE8max_sizeERKS6_
FNDA:2,_ZNSt16allocator_traitsISaIN5Catch8TestSpec6FilterEEE8max_sizeERKS3_
FNDA:0,_ZNSt16allocator_traitsISaImEE8max_sizeERKS0_
FNDA:10,_ZNSt16allocator_traitsISaIN5Catch8TestCaseEEE8max_sizeERKS2_
FNDA:0,_ZNSt16allocator_traitsISaIN5Catch5Clara6Parser5TokenEEE37select_on_container_copy_constructionERKS4_
FNDA:2,_ZNSt16allocator_traitsISaIN5Catch3PtrINS0_8TestSpec7PatternEEEEE37select_on_container_copy_constructionERKS5_
FNDA:198,_ZNSt16allocator_traitsISaISt13_Rb_tree_nodeINSt7__cxx1112basic_stringIcSt11char_traitsIcESaIcEEEEEE37select_on_container_copy_constructionERKS8_
FNDA:1,_ZNSt16allocator_traitsISaIN5Catch8TestCaseEEE37select_on_container_copy_constructionERKS2_
FNDA:1,_ZNSt16allocator_traitsISaIN5Catch3PtrINS0_16IReporterFactoryEEEEE37select_on_container_copy_constructionERKS4_
FNDA:35,_ZNSt16allocator_traitsISaIN5Catch11MessageInfoEEE37select_on_container_copy_constructionERKS2_
FNDA:35,_ZNSt16allocator_traitsISaINSt7__cxx1112basic_stringIcSt11char_traitsIcESaIcEEEEE37select_on_container_copy_constructionERKS6_
FNDA:2,_ZNSt16allocator_traitsISaIN5Catch8TestSpec6FilterEEE37select_on_container_copy_constructionERKS3_
FNDA:0,_ZSt18__do_alloc_on_copyISaISt13_Rb_tree_nodeINSt7__cxx1112basic_stringIcSt11char_traitsIcESaIcEEEEEEvRT_RKS9_St17integral_constantIbLb0EE
FNDA:0,_ZSt15__alloc_on_copyISaISt13_Rb_tree_nodeINSt7__cxx1112basic_stringIcSt11char_traitsIcESaIcEEEEEEvRT_RKS9_
FNDA:1,_ZSt18__do_alloc_on_moveISaIN5Catch8TestCaseEEEvRT_S4_St17integral_constantIbLb1EE
FNDA:3,_ZSt18__do_alloc_on_moveISaIN5Catch5Clara6Parser5TokenEEEvRT_S6_St17integral_constantIbLb1EE
FNDA:1,_ZSt18__do_alloc_on_moveISaIN5Catch8TestSpec6FilterEEEvRT_S5_St17integral_constantIbLb1EE
FNDA:1,_ZSt18__do_alloc_on_moveISaIN5Catch3PtrINS0_8TestSpec7PatternEEEEEvRT_S7_St17integral_constantIbLb1EE
FNDA:1,_ZSt15__alloc_on_moveISaIN5Catch8TestCaseEEEvRT_S4_
FNDA:3,_ZSt15__alloc_on_moveISaIN5Catch5Clara6Parser5TokenEEEvRT_S6_
FNDA:1,_ZSt15__alloc_on_moveISaIN5Catch8TestSpec6FilterEEEvRT_S5_
FNDA:1,_ZSt15__alloc_on_moveISaIN5Catch3PtrINS0_8TestSpec7PatternEEEEEvRT_S7_
FNDA:0,_ZSt18__do_alloc_on_swapISaISt13_Rb_tree_nodeINSt7__cxx1112basic_stringIcSt11char_traitsIcESaIcEEEEEEvRT_SA_St17integral_constantIbLb0EE
FNDA:0,_ZSt18__do_alloc_on_swapISaIN5Catch3PtrINS0_22CumulativeReporterBase4NodeINS0_14TestGroupStatsENS3_INS0_13TestCaseStatsENS2_11SectionNodeEEEEEEEEEvRT_SC_St17integral_constantIbLb0EE
FNDA:0,_ZSt18__do_alloc_on_swapISaIN5Catch3PtrINS0_22CumulativeReporterBase4NodeINS0_13TestCaseStatsENS2_11SectionNodeEEEEEEEvRT_SA_St17integral_constantIbLb0EE
FNDA:0,_ZSt15__alloc_on_swapISaISt13_Rb_tree_nodeINSt7__cxx1112basic_stringIcSt11char_traitsIcESaIcEEEEEEvRT_SA_
FNDA:0,_ZSt15__alloc_on_swapISaIN5Catch3PtrINS0_22CumulativeReporterBase4NodeINS0_14TestGroupStatsENS3_INS0_13TestCaseStatsENS2_11SectionNodeEEEEEEEEEvRT_SC_
FNDA:0,_ZSt15__alloc_on_swapISaIN5Catch3PtrINS0_22CumulativeReporterBase4NodeINS0_13TestCaseStatsENS2_11SectionNodeEEEEEEEvRT_SA_
FNF:169
FNH:52
DA:435,97
DA:436,97
DA:461,97
DA:462,97
DA:474,96
DA:475,96
DA:486,28
DA:487,28
DA:495,90
DA:496,90
DA:504,274
DA:505,274
DA:516,0
DA:517,0
DA:520,0
DA:524,0
DA:525,0
DA:535,6
DA:536,6
DA:543,6
DA:547,6
DA:548,6
DA:558,0
DA:559,0
DA:562,0
DA:566,0
DA:567,0
LF:27
LH:17
end_of_record
SF:/usr/include/c++/6/bits/allocator.h
FN:131,_ZNSaISt13_Rb_tree_nodeISt4pairIKNSt7__cxx1112basic_stringIcSt11char_traitsIcESaIcEEEN5Catch8TagAliasEEEEC2Ev
FN:131,_ZNSaImEC2Ev
FN:131,_ZNSaIN5Catch3PtrINS_8TestSpec7PatternEEEEC2Ev
FN:131,_ZNSaIN5Catch15ConsoleReporter13SummaryColumnEEC2Ev
FN:131,_ZNSaIN5Catch5Clara11CommandLineINS_10ConfigDataEE3ArgEEC2Ev
FN:131,_ZNSaIN5Catch3PtrINS_16TestCaseTracking8ITrackerEEEEC2Ev
FN:131,_ZNSaIPKN5Catch20IExceptionTranslatorEEC2Ev
FN:131,_ZNSaIPN5Catch14IGeneratorInfoEEC2Ev
FN:131,_ZNSaIN5Catch8TestCaseEEC2Ev
FN:131,_ZNSaIN5Catch5Clara6Parser5TokenEEC2Ev
FN:131,_ZNSaIN5Catch3PtrINS_22CumulativeReporterBase11SectionNodeEEEEC2Ev
FN:131,_ZNSaISt13_Rb_tree_nodeISt4pairIKNSt7__cxx1112basic_stringIcSt11char_traitsIcESaIcEEEPN5Catch18IGeneratorsForTestEEEEC2Ev
FN:131,_ZNSaISt6vectorIN5Catch3PtrINS0_22CumulativeReporterBase11SectionNodeEEESaIS4_EEEC2Ev
FN:131,_ZNSaIN5Catch11SectionInfoEEC2Ev
FN:131,_ZNSaISt13_Rb_tree_nodeIN5Catch8TestCaseEEEC2Ev
FN:131,_ZNSaIN5Catch3PtrINS_22CumulativeReporterBase4NodeINS_12TestRunStatsENS2_INS_14TestGroupStatsENS2_INS_13TestCaseStatsENS1_11SectionNodeEEEEEEEEEEC2Ev
FN:131,_ZNSaIN5Catch14SectionEndInfoEEC2Ev
FN:131,_ZNSaIN5Catch3PtrINS_22CumulativeReporterBase4NodeINS_14TestGroupStatsENS2_INS_13TestCaseStatsENS1_11SectionNodeEEEEEEEEC2Ev
FN:131,_ZNSaIPKN5Catch8Matchers4Impl11MatcherBaseINSt7__cxx1112basic_stringIcSt11char_traitsIcESaIcEEES8_EEEC2Ev
FN:131,_ZNSaIPN5Catch16TestCaseTracking8ITrackerEEC2Ev
FN:131,_ZNSaIN5Catch14AssertionStatsEEC2Ev
FN:131,_ZNSaIN5Catch11MessageInfoEEC2Ev
FN:131,_ZNSaINSt7__cxx1112basic_stringIcSt11char_traitsIcESaIcEEEEC2Ev
FN:131,_ZNSaIN5Catch3PtrINS_18IStreamingReporterEEEEC2Ev
FN:131,_ZNSaISt13_Rb_tree_nodeISt4pairIKNSt7__cxx1112basic_stringIcSt11char_traitsIcESaIcEEEPN5Catch14IGeneratorInfoEEEEC2Ev
FN:131,_ZNSaISt13_Rb_tree_nodeISt4pairIKNSt7__cxx1112basic_stringIcSt11char_traitsIcESaIcEEEN5Catch3PtrINS8_16IReporterFactoryEEEEEEC2Ev
FN:131,_ZNSaISt13_Rb_tree_nodeISt4pairIKiN5Catch5Clara11CommandLineINS2_10ConfigDataEE3ArgEEEEC2Ev
FN:131,_ZNSaIN5Catch8TestSpec6FilterEEC2Ev
FN:131,_ZNSaISt13_Rb_tree_nodeINSt7__cxx1112basic_stringIcSt11char_traitsIcESaIcEEEEEC2Ev
FN:131,_ZNSaISt13_Rb_tree_nodeISt4pairIKNSt7__cxx1112basic_stringIcSt11char_traitsIcESaIcEEEN5Catch7TagInfoEEEEC2Ev
FN:131,_ZNSaIN5Catch3PtrINS_22CumulativeReporterBase4NodeINS_13TestCaseStatsENS1_11SectionNodeEEEEEEC2Ev
FN:131,_ZNSaIN5Catch3PtrINS_16IReporterFactoryEEEEC2Ev
FN:133,_ZNSaIN5Catch8TestSpec6FilterEEC2ERKS2_
FN:133,_ZNSaIN5Catch5Clara6Parser5TokenEEC2ERKS3_
FN:133,_ZNSaISt13_Rb_tree_nodeINSt7__cxx1112basic_stringIcSt11char_traitsIcESaIcEEEEEC2ERKS7_
FN:133,_ZNSaINSt7__cxx1112basic_stringIcSt11char_traitsIcESaIcEEEEC2ERKS5_
FN:133,_ZNSaIN5Catch3PtrINS_8TestSpec7PatternEEEEC2ERKS4_
FN:133,_ZNSaIN5Catch3PtrINS_16IReporterFactoryEEEEC2ERKS3_
FN:133,_ZNSaIN5Catch8TestCaseEEC2ERKS1_
FN:133,_ZNSaIN5Catch11MessageInfoEEC2ERKS1_
FN:139,_ZNSaIN5Catch11MessageInfoEED2Ev
FN:139,_ZNSaIN5Catch8TestCaseEED2Ev
FN:139,_ZNSaIN5Catch3PtrINS_22CumulativeReporterBase11SectionNodeEEEED2Ev
FN:139,_ZNSaIPKN5Catch20IExceptionTranslatorEED2Ev
FN:139,_ZNSaIN5Catch14AssertionStatsEED2Ev
FN:139,_ZNSaISt13_Rb_tree_nodeINSt7__cxx1112basic_stringIcSt11char_traitsIcESaIcEEEEED2Ev
FN:139,_ZNSaISt13_Rb_tree_nodeISt4pairIKNSt7__cxx1112basic_stringIcSt11char_traitsIcESaIcEEEPN5Catch18IGeneratorsForTestEEEED2Ev
FN:139,_ZNSaISt13_Rb_tree_nodeISt4pairIKNSt7__cxx1112basic_stringIcSt11char_traitsIcESaIcEEEN5Catch3PtrINS8_16IReporterFactoryEEEEEED2Ev
FN:139,_ZNSaISt13_Rb_tree_nodeISt4pairIKiN5Catch5Clara11CommandLineINS2_10ConfigDataEE3ArgEEEED2Ev
FN:139,_ZNSaISt6vectorIN5Catch3PtrINS0_22CumulativeReporterBase11SectionNodeEEESaIS4_EEED2Ev
FN:139,_ZNSaIN5Catch14SectionEndInfoEED2Ev
FN:139,_ZNSaISt13_Rb_tree_nodeISt4pairIKNSt7__cxx1112basic_stringIcSt11char_traitsIcESaIcEEEN5Catch8TagAliasEEEED2Ev
FN:139,_ZNSaISt13_Rb_tree_nodeISt4pairIKNSt7__cxx1112basic_stringIcSt11char_traitsIcESaIcEEEN5Catch7TagInfoEEEED2Ev
FN:139,_ZNSaImED2Ev
FN:139,_ZNSaIN5Catch3PtrINS_22CumulativeReporterBase4NodeINS_12TestRunStatsENS2_INS_14TestGroupStatsENS2_INS_13TestCaseStatsENS1_11SectionNodeEEEEEEEEEED2Ev
FN:139,_ZNSaINSt7__cxx1112basic_stringIcSt11char_traitsIcESaIcEEEED2Ev
FN:139,_ZNSaIPKN5Catch8Matchers4Impl11MatcherBaseINSt7__cxx1112basic_stringIcSt11char_traitsIcESaIcEEES8_EEED2Ev
FN:139,_ZNSaIN5Catch3PtrINS_22CumulativeReporterBase4NodeINS_13TestCaseStatsENS1_11SectionNodeEEEEEED2Ev
FN:139,_ZNSaIN5Catch8TestSpec6FilterEED2Ev
FN:139,_ZNSaISt13_Rb_tree_nodeIN5Catch8TestCaseEEED2Ev
FN:139,_ZNSaIPN5Catch14IGeneratorInfoEED2Ev
FN:139,_ZNSaIN5Catch3PtrINS_16IReporterFactoryEEEED2Ev
FN:139,_ZNSaIN5Catch11SectionInfoEED2Ev
FN:139,_ZNSaIN5Catch5Clara6Parser5TokenEED2Ev
FN:139,_ZNSaIN5Catch3PtrINS_8TestSpec7PatternEEEED2Ev
FN:139,_ZNSaIN5Catch15ConsoleReporter13SummaryColumnEED2Ev
FN:139,_ZNSaIPN5Catch16TestCaseTracking8ITrackerEED2Ev
FN:139,_ZNSaIN5Catch3PtrINS_16TestCaseTracking8ITrackerEEEED2Ev
FN:139,_ZNSaIN5Catch5Clara11CommandLineINS_10ConfigDataEE3ArgEED2Ev
FN:139,_ZNSaIN5Catch3PtrINS_18IStreamingReporterEEEED2Ev
FN:139,_ZNSaISt13_Rb_tree_nodeISt4pairIKNSt7__cxx1112basic_stringIcSt11char_traitsIcESaIcEEEPN5Catch14IGeneratorInfoEEEED2Ev
FN:139,_ZNSaIN5Catch3PtrINS_22CumulativeReporterBase4NodeINS_14TestGroupStatsENS2_INS_13TestCaseStatsENS1_11SectionNodeEEEEEEEED2Ev
FN:164,_ZStneISt13_Rb_tree_nodeINSt7__cxx1112basic_stringIcSt11char_traitsIcESaIcEEEEEbRKSaIT_ESB_
FNDA:1,_ZNSaISt13_Rb_tree_nodeISt4pairIKiN5Catch5Clara11CommandLineINS2_10ConfigDataEE3ArgEEEEC2Ev
FNDA:1,_ZNSaIN5Catch5Clara11CommandLineINS_10ConfigDataEE3ArgEEC2Ev
FNDA:0,_ZNSaIN5Catch15ConsoleReporter13SummaryColumnEEC2Ev
FNDA:0,_ZNSaIN5Catch3PtrINS_22CumulativeReporterBase4NodeINS_12TestRunStatsENS2_INS_14TestGroupStatsENS2_INS_13TestCaseStatsENS1_11SectionNodeEEEEEEEEEEC2Ev
FNDA:0,_ZNSaIN5Catch3PtrINS_22CumulativeReporterBase4NodeINS_14TestGroupStatsENS2_INS_13TestCaseStatsENS1_11SectionNodeEEEEEEEEC2Ev
FNDA:0,_ZNSaIN5Catch3PtrINS_22CumulativeReporterBase4NodeINS_13TestCaseStatsENS1_11SectionNodeEEEEEEC2Ev
FNDA:0,_ZNSaISt6vectorIN5Catch3PtrINS0_22CumulativeReporterBase11SectionNodeEEESaIS4_EEEC2Ev
FNDA:0,_ZNSaIN5Catch14AssertionStatsEEC2Ev
FNDA:0,_ZNSaIN5Catch3PtrINS_22CumulativeReporterBase11SectionNodeEEEEC2Ev
FNDA:1,_ZNSaIN5Catch11SectionInfoEEC2Ev
FNDA:0,_ZNSaIN5Catch3PtrINS_18IStreamingReporterEEEEC2Ev
FNDA:0,_ZNSaIPKN5Catch8Matchers4Impl11MatcherBaseINSt7__cxx1112basic_stringIcSt11char_traitsIcESaIcEEES8_EEEC2Ev
FNDA:0,_ZNSaIPN5Catch14IGeneratorInfoEEC2Ev
FNDA:0,_ZNSaISt13_Rb_tree_nodeISt4pairIKNSt7__cxx1112basic_stringIcSt11char_traitsIcESaIcEEEPN5Catch14IGeneratorInfoEEEEC2Ev
FNDA:1,_ZNSaISt13_Rb_tree_nodeISt4pairIKNSt7__cxx1112basic_stringIcSt11char_traitsIcESaIcEEEPN5Catch18IGeneratorsForTestEEEEC2Ev
FNDA:1,_ZNSaISt13_Rb_tree_nodeISt4pairIKNSt7__cxx1112basic_stringIcSt11char_traitsIcESaIcEEEN5Catch8TagAliasEEEEC2Ev
FNDA:1,_ZNSaIPKN5Catch20IExceptionTranslatorEEC2Ev
FNDA:1,_ZNSaIN5Catch3PtrINS_16IReporterFactoryEEEEC2Ev
FNDA:1,_ZNSaISt13_Rb_tree_nodeISt4pairIKNSt7__cxx1112basic_stringIcSt11char_traitsIcESaIcEEEN5Catch3PtrINS8_16IReporterFactoryEEEEEEC2Ev
FNDA:2,_ZNSaIN5Catch8TestCaseEEC2Ev
FNDA:1,_ZNSaISt13_Rb_tree_nodeIN5Catch8TestCaseEEEC2Ev
FNDA:5,_ZNSaIN5Catch5Clara6Parser5TokenEEC2Ev
FNDA:1,_ZNSaIPN5Catch16TestCaseTracking8ITrackerEEC2Ev
FNDA:1,_ZNSaIN5Catch14SectionEndInfoEEC2Ev
FNDA:1,_ZNSaIN5Catch11MessageInfoEEC2Ev
FNDA:24,_ZNSaIN5Catch3PtrINS_16TestCaseTracking8ITrackerEEEEC2Ev
FNDA:0,_ZNSaISt13_Rb_tree_nodeISt4pairIKNSt7__cxx1112basic_stringIcSt11char_traitsIcESaIcEEEN5Catch7TagInfoEEEEC2Ev
FNDA:36,_ZNSaISt13_Rb_tree_nodeINSt7__cxx1112basic_stringIcSt11char_traitsIcESaIcEEEEEC2Ev
FNDA:2,_ZNSaIN5Catch8TestSpec6FilterEEC2Ev
FNDA:2,_ZNSaIN5Catch3PtrINS_8TestSpec7PatternEEEEC2Ev
FNDA:1,_ZNSaImEC2Ev
FNDA:53,_ZNSaINSt7__cxx1112basic_stringIcSt11char_traitsIcESaIcEEEEC2Ev
FNDA:7,_ZNSaIN5Catch5Clara6Parser5TokenEEC2ERKS3_
FNDA:396,_ZNSaISt13_Rb_tree_nodeINSt7__cxx1112basic_stringIcSt11char_traitsIcESaIcEEEEEC2ERKS7_
FNDA:6,_ZNSaIN5Catch3PtrINS_8TestSpec7PatternEEEEC2ERKS4_
FNDA:4,_ZNSaIN5Catch8TestCaseEEC2ERKS1_
FNDA:2,_ZNSaIN5Catch3PtrINS_16IReporterFactoryEEEEC2ERKS3_
FNDA:70,_ZNSaIN5Catch11MessageInfoEEC2ERKS1_
FNDA:94,_ZNSaINSt7__cxx1112basic_stringIcSt11char_traitsIcESaIcEEEEC2ERKS5_
FNDA:6,_ZNSaIN5Catch8TestSpec6FilterEEC2ERKS2_
FNDA:0,_ZNSaIN5Catch15ConsoleReporter13SummaryColumnEED2Ev
FNDA:0,_ZNSaIN5Catch3PtrINS_22CumulativeReporterBase4NodeINS_12TestRunStatsENS2_INS_14TestGroupStatsENS2_INS_13TestCaseStatsENS1_11SectionNodeEEEEEEEEEED2Ev
FNDA:0,_ZNSaIN5Catch3PtrINS_22CumulativeReporterBase4NodeINS_14TestGroupStatsENS2_INS_13TestCaseStatsENS1_11SectionNodeEEEEEEEED2Ev
FNDA:0,_ZNSaIN5Catch3PtrINS_22CumulativeReporterBase4NodeINS_13TestCaseStatsENS1_11SectionNodeEEEEEED2Ev
FNDA:0,_ZNSaISt6vectorIN5Catch3PtrINS0_22CumulativeReporterBase11SectionNodeEEESaIS4_EEED2Ev
FNDA:0,_ZNSaIN5Catch14AssertionStatsEED2Ev
FNDA:0,_ZNSaIN5Catch3PtrINS_22CumulativeReporterBase11SectionNodeEEEED2Ev
FNDA:1,_ZNSaIN5Catch11SectionInfoEED2Ev
FNDA:0,_ZNSaIN5Catch3PtrINS_18IStreamingReporterEEEED2Ev
FNDA:0,_ZNSaIPKN5Catch8Matchers4Impl11MatcherBaseINSt7__cxx1112basic_stringIcSt11char_traitsIcESaIcEEES8_EEED2Ev
FNDA:0,_ZNSaIPN5Catch14IGeneratorInfoEED2Ev
FNDA:1,_ZNSaIPKN5Catch20IExceptionTranslatorEED2Ev
FNDA:12,_ZNSaIN5Catch5Clara6Parser5TokenEED2Ev
FNDA:1,_ZNSaIPN5Catch16TestCaseTracking8ITrackerEED2Ev
FNDA:1,_ZNSaIN5Catch14SectionEndInfoEED2Ev
FNDA:24,_ZNSaIN5Catch3PtrINS_16TestCaseTracking8ITrackerEEEED2Ev
FNDA:1,_ZNSaIN5Catch5Clara11CommandLineINS_10ConfigDataEE3ArgEED2Ev
FNDA:8,_ZNSaIN5Catch3PtrINS_8TestSpec7PatternEEEED2Ev
FNDA:1,_ZNSaImED2Ev
FNDA:0,_ZNSaISt13_Rb_tree_nodeISt4pairIKNSt7__cxx1112basic_stringIcSt11char_traitsIcESaIcEEEPN5Catch14IGeneratorInfoEEEED2Ev
FNDA:1,_ZNSaISt13_Rb_tree_nodeISt4pairIKNSt7__cxx1112basic_stringIcSt11char_traitsIcESaIcEEEPN5Catch18IGeneratorsForTestEEEED2Ev
FNDA:1,_ZNSaISt13_Rb_tree_nodeISt4pairIKNSt7__cxx1112basic_stringIcSt11char_traitsIcESaIcEEEN5Catch8TagAliasEEEED2Ev
FNDA:1,_ZNSaISt13_Rb_tree_nodeISt4pairIKNSt7__cxx1112basic_stringIcSt11char_traitsIcESaIcEEEN5Catch3PtrINS8_16IReporterFactoryEEEEEED2Ev
FNDA:1,_ZNSaISt13_Rb_tree_nodeIN5Catch8TestCaseEEED2Ev
FNDA:6,_ZNSaIN5Catch8TestCaseEED2Ev
FNDA:3,_ZNSaIN5Catch3PtrINS_16IReporterFactoryEEEED2Ev
FNDA:0,_ZNSaISt13_Rb_tree_nodeISt4pairIKNSt7__cxx1112basic_stringIcSt11char_traitsIcESaIcEEEN5Catch7TagInfoEEEED2Ev
FNDA:432,_ZNSaISt13_Rb_tree_nodeINSt7__cxx1112basic_stringIcSt11char_traitsIcESaIcEEEEED2Ev
FNDA:71,_ZNSaIN5Catch11MessageInfoEED2Ev
FNDA:1,_ZNSaISt13_Rb_tree_nodeISt4pairIKiN5Catch5Clara11CommandLineINS2_10ConfigDataEE3ArgEEEED2Ev
FNDA:8,_ZNSaIN5Catch8TestSpec6FilterEED2Ev
FNDA:147,_ZNSaINSt7__cxx1112basic_stringIcSt11char_traitsIcESaIcEEEED2Ev
FNDA:0,_ZStneISt13_Rb_tree_nodeINSt7__cxx1112basic_stringIcSt11char_traitsIcESaIcEEEEEbRKSaIT_ESB_
FNF:73
FNH:48
DA:131,137
DA:133,585
DA:134,585
DA:139,722
DA:164,0
DA:166,0
LF:6
LH:4
end_of_record
SF:/usr/include/c++/6/bits/basic_string.h
FN:107,_ZNSt7__cxx1112basic_stringIcSt11char_traitsIcESaIcEE12_Alloc_hiderD2Ev
FN:192,_ZNSt7__cxx1112basic_stringIcSt11char_traitsIcESaIcEE16_M_construct_auxIN9__gnu_cxx17__normal_iteratorIPKcS4_EEEEvT_SB_St12__false_type
FN:212,_ZNSt7__cxx1112basic_stringIcSt11char_traitsIcESaIcEE12_M_constructIN9__gnu_cxx17__normal_iteratorIPKcS4_EEEEvT_SB_
FN:549,_ZNSt7__cxx1112basic_stringIcSt11char_traitsIcESaIcEEC2IN9__gnu_cxx17__normal_iteratorIPKcS4_EEvEET_SB_RKS3_
FN:4981,_ZStplIcSt11char_traitsIcESaIcEENSt7__cxx1112basic_stringIT_T0_T1_EERKS8_PKS5_
FN:4997,_ZStplIcSt11char_traitsIcESaIcEENSt7__cxx1112basic_stringIT_T0_T1_EERKS8_S5_
FN:5009,_ZStplIcSt11char_traitsIcESaIcEENSt7__cxx1112basic_stringIT_T0_T1_EEOS8_RKS8_
FN:5015,_ZStplIcSt11char_traitsIcESaIcEENSt7__cxx1112basic_stringIT_T0_T1_EERKS8_OS8_
FN:5021,_ZStplIcSt11char_traitsIcESaIcEENSt7__cxx1112basic_stringIT_T0_T1_EEOS8_S9_
FN:5033,_ZStplIcSt11char_traitsIcESaIcEENSt7__cxx1112basic_stringIT_T0_T1_EEPKS5_OS8_
FN:5045,_ZStplIcSt11char_traitsIcESaIcEENSt7__cxx1112basic_stringIT_T0_T1_EEOS8_PKS5_
FN:5051,_ZStplIcSt11char_traitsIcESaIcEENSt7__cxx1112basic_stringIT_T0_T1_EEOS8_S5_
FN:5073,_ZSteqIcEN9__gnu_cxx11__enable_ifIXsrSt9__is_charIT_E7__valueEbE6__typeERKNSt7__cxx1112basic_stringIS3_St11char_traitsIS3_ESaIS3_EEESE_
FN:5099,_ZSteqIcSt11char_traitsIcESaIcEEbRKNSt7__cxx1112basic_stringIT_T0_T1_EEPKS5_
FN:5112,_ZStneIcSt11char_traitsIcESaIcEEbRKNSt7__cxx1112basic_stringIT_T0_T1_EESA_
FN:5137,_ZStneIcSt11char_traitsIcESaIcEEbRKNSt7__cxx1112basic_stringIT_T0_T1_EEPKS5_
FN:5150,_ZStltIcSt11char_traitsIcESaIcEEbRKNSt7__cxx1112basic_stringIT_T0_T1_EESA_
FNDA:0,_ZNSt7__cxx1112basic_stringIcSt11char_traitsIcESaIcEE12_Alloc_hiderD2Ev
FNDA:0,_ZNSt7__cxx1112basic_stringIcSt11char_traitsIcESaIcEE16_M_construct_auxIN9__gnu_cxx17__normal_iteratorIPKcS4_EEEEvT_SB_St12__false_type
FNDA:0,_ZNSt7__cxx1112basic_stringIcSt11char_traitsIcESaIcEE12_M_constructIN9__gnu_cxx17__normal_iteratorIPKcS4_EEEEvT_SB_
FNDA:0,_ZNSt7__cxx1112basic_stringIcSt11char_traitsIcESaIcEEC2IN9__gnu_cxx17__normal_iteratorIPKcS4_EEvEET_SB_RKS3_
FNDA:0,_ZStplIcSt11char_traitsIcESaIcEENSt7__cxx1112basic_stringIT_T0_T1_EERKS8_PKS5_
FNDA:0,_ZStplIcSt11char_traitsIcESaIcEENSt7__cxx1112basic_stringIT_T0_T1_EERKS8_S5_
FNDA:0,_ZStplIcSt11char_traitsIcESaIcEENSt7__cxx1112basic_stringIT_T0_T1_EEOS8_RKS8_
FNDA:0,_ZStplIcSt11char_traitsIcESaIcEENSt7__cxx1112basic_stringIT_T0_T1_EERKS8_OS8_
FNDA:0,_ZStplIcSt11char_traitsIcESaIcEENSt7__cxx1112basic_stringIT_T0_T1_EEOS8_S9_
FNDA:0,_ZStplIcSt11char_traitsIcESaIcEENSt7__cxx1112basic_stringIT_T0_T1_EEPKS5_OS8_
FNDA:0,_ZStplIcSt11char_traitsIcESaIcEENSt7__cxx1112basic_stringIT_T0_T1_EEOS8_PKS5_
FNDA:0,_ZStplIcSt11char_traitsIcESaIcEENSt7__cxx1112basic_stringIT_T0_T1_EEOS8_S5_
FNDA:0,_ZSteqIcEN9__gnu_cxx11__enable_ifIXsrSt9__is_charIT_E7__valueEbE6__typeERKNSt7__cxx1112basic_stringIS3_St11char_traitsIS3_ESaIS3_EEESE_
FNDA:0,_ZSteqIcSt11char_traitsIcESaIcEEbRKNSt7__cxx1112basic_stringIT_T0_T1_EEPKS5_
FNDA:0,_ZStneIcSt11char_traitsIcESaIcEEbRKNSt7__cxx1112basic_stringIT_T0_T1_EESA_
FNDA:0,_ZStneIcSt11char_traitsIcESaIcEEbRKNSt7__cxx1112basic_stringIT_T0_T1_EEPKS5_
FNDA:59,_ZStltIcSt11char_traitsIcESaIcEEbRKNSt7__cxx1112basic_stringIT_T0_T1_EESA_
FNF:17
FNH:1
DA:107,0
DA:192,0
DA:196,0
DA:197,0
DA:212,0
DA:215,0
DA:216,0
DA:549,0
DA:551,0
DA:552,0
DA:4981,0
DA:4984,0
DA:4985,0
DA:4986,0
DA:4997,0
DA:5001,0
DA:5002,0
DA:5003,0
DA:5009,0
DA:5011,0
DA:5015,0
DA:5017,0
DA:5021,0
DA:5024,0
DA:5025,0
DA:5026,0
DA:5027,0
DA:5028,0
DA:5033,0
DA:5035,0
DA:5045,0
DA:5047,0
DA:5051,0
DA:5053,0
DA:5073,0
DA:5075,0
DA:5076,0
DA:5077,0
DA:5099,0
DA:5101,0
DA:5112,0
DA:5115,0
DA:5137,0
DA:5139,0
DA:5150,59
DA:5153,59
LF:46
LH:2
end_of_record
SF:/usr/include/c++/6/bits/basic_string.tcc
FN:206,_ZNSt7__cxx1112basic_stringIcSt11char_traitsIcESaIcEE12_M_constructIN9__gnu_cxx17__normal_iteratorIPKcS4_EEEEvT_SB_St20forward_iterator_tag
FN:1147,_ZStplIcSt11char_traitsIcESaIcEENSt7__cxx1112basic_stringIT_T0_T1_EEPKS5_RKS8_
FN:1163,_ZStplIcSt11char_traitsIcESaIcEENSt7__cxx1112basic_stringIT_T0_T1_EES5_RKS8_
FNDA:0,_ZNSt7__cxx1112basic_stringIcSt11char_traitsIcESaIcEE12_M_constructIN9__gnu_cxx17__normal_iteratorIPKcS4_EEEEvT_SB_St20forward_iterator_tag
FNDA:0,_ZStplIcSt11char_traitsIcESaIcEENSt7__cxx1112basic_stringIT_T0_T1_EEPKS5_RKS8_
FNDA:0,_ZStplIcSt11char_traitsIcESaIcEENSt7__cxx1112basic_stringIT_T0_T1_EES5_RKS8_
FNF:3
FNH:0
DA:206,0
DA:211,0
DA:212,0
DA:215,0
DA:217,0
DA:219,0
DA:220,0
DA:225,0
DA:226,0
DA:228,0
DA:229,0
DA:232,0
DA:233,0
DA:1147,0
DA:1153,0
DA:1154,0
DA:1155,0
DA:1156,0
DA:1157,0
DA:1158,0
DA:1163,0
DA:1167,0
DA:1168,0
DA:1169,0
DA:1170,0
DA:1171,0
DA:1172,0
LF:27
LH:0
end_of_record
SF:/usr/include/c++/6/bits/char_traits.h
FN:258,_ZNSt11char_traitsIcE7compareEPKcS2_m
FN:266,_ZNSt11char_traitsIcE6lengthEPKc
FNDA:0,_ZNSt11char_traitsIcE7compareEPKcS2_m
FNDA:0,_ZNSt11char_traitsIcE6lengthEPKc
FNF:2
FNH:0
DA:258,0
DA:260,0
DA:261,0
DA:262,0
DA:266,0
DA:267,0
LF:6
LH:0
end_of_record
SF:/usr/include/c++/6/bits/cpp_type_traits.h
FN:408,_ZSt12__miter_baseIN9__gnu_cxx17__normal_iteratorIPN5Catch11MessageInfoESt6vectorIS3_SaIS3_EEEEET_S9_
FN:408,_ZSt12__miter_baseIPPN5Catch16TestCaseTracking8ITrackerEET_S5_
FN:408,_ZSt12__miter_baseIN9__gnu_cxx17__normal_iteratorIPKNSt7__cxx1112basic_stringIcSt11char_traitsIcESaIcEEESt6vectorIS7_SaIS7_EEEEET_SE_
FN:408,_ZSt12__miter_baseIPPN5Catch14IGeneratorInfoEET_S4_
FN:408,_ZSt12__miter_baseIPPKN5Catch20IExceptionTranslatorEET_S5_
FN:408,_ZSt12__miter_baseIN9__gnu_cxx17__normal_iteratorIPN5Catch8TestCaseESt6vectorIS3_SaIS3_EEEEET_S9_
FN:408,_ZSt12__miter_baseIPmET_S1_
FN:408,_ZSt12__miter_baseIPNSt7__cxx1112basic_stringIcSt11char_traitsIcESaIcEEEET_S7_
FNDA:0,_ZSt12__miter_baseIPPN5Catch16TestCaseTracking8ITrackerEET_S5_
FNDA:0,_ZSt12__miter_baseIPPN5Catch14IGeneratorInfoEET_S4_
FNDA:0,_ZSt12__miter_baseIPPKN5Catch20IExceptionTranslatorEET_S5_
FNDA:0,_ZSt12__miter_baseIPmET_S1_
FNDA:0,_ZSt12__miter_baseIN9__gnu_cxx17__normal_iteratorIPN5Catch8TestCaseESt6vectorIS3_SaIS3_EEEEET_S9_
FNDA:0,_ZSt12__miter_baseIN9__gnu_cxx17__normal_iteratorIPN5Catch11MessageInfoESt6vectorIS3_SaIS3_EEEEET_S9_
FNDA:0,_ZSt12__miter_baseIPNSt7__cxx1112basic_stringIcSt11char_traitsIcESaIcEEEET_S7_
FNDA:0,_ZSt12__miter_baseIN9__gnu_cxx17__normal_iteratorIPKNSt7__cxx1112basic_stringIcSt11char_traitsIcESaIcEEESt6vectorIS7_SaIS7_EEEEET_SE_
FNF:8
FNH:0
DA:408,0
DA:409,0
LF:2
LH:0
end_of_record
SF:/usr/include/c++/6/bits/ios_base.h
FN:83,_ZStanSt13_Ios_FmtflagsS_
FN:87,_ZStorSt13_Ios_FmtflagsS_
FN:95,_ZStcoSt13_Ios_Fmtflags
FN:99,_ZStoRRSt13_Ios_FmtflagsS_
FN:103,_ZStaNRSt13_Ios_FmtflagsS_
FN:129,_ZStorSt13_Ios_OpenmodeS_
FN:646,_ZNSt8ios_base4setfESt13_Ios_Fmtflags
FN:663,_ZNSt8ios_base4setfESt13_Ios_FmtflagsS0_
FN:958,_ZSt9uppercaseRSt8ios_base
FN:1024,_ZSt3hexRSt8ios_base
FN:1041,_ZSt5fixedRSt8ios_base
FNDA:0,_ZStanSt13_Ios_FmtflagsS_
FNDA:0,_ZStorSt13_Ios_FmtflagsS_
FNDA:0,_ZStcoSt13_Ios_Fmtflags
FNDA:0,_ZStoRRSt13_Ios_FmtflagsS_
FNDA:0,_ZStaNRSt13_Ios_FmtflagsS_
FNDA:0,_ZStorSt13_Ios_OpenmodeS_
FNDA:0,_ZNSt8ios_base4setfESt13_Ios_Fmtflags
FNDA:0,_ZNSt8ios_base4setfESt13_Ios_FmtflagsS0_
FNDA:0,_ZSt9uppercaseRSt8ios_base
FNDA:0,_ZSt3hexRSt8ios_base
FNDA:0,_ZSt5fixedRSt8ios_base
FNF:11
FNH:0
DA:83,0
DA:84,0
DA:87,0
DA:88,0
DA:95,0
DA:96,0
DA:99,0
DA:100,0
DA:103,0
DA:104,0
DA:129,0
DA:130,0
DA:646,0
DA:648,0
DA:649,0
DA:650,0
DA:663,0
DA:665,0
DA:666,0
DA:667,0
DA:668,0
DA:958,0
DA:960,0
DA:961,0
DA:1024,0
DA:1026,0
DA:1027,0
DA:1041,0
DA:1043,0
DA:1044,0
LF:30
LH:0
end_of_record
SF:/usr/include/c++/6/bits/move.h
FN:47,_ZSt11__addressofIN5Catch3PtrINS0_16TestCaseTracking8ITrackerEEEEPT_RS5_
FN:47,_ZSt11__addressofIN5Catch3PtrINS0_8TestSpec7PatternEEEEPT_RS5_
FN:47,_ZSt11__addressofIN5Catch11SectionInfoEEPT_RS2_
FN:47,_ZSt11__addressofIN5Catch3PtrINS0_22CumulativeReporterBase11SectionNodeEEEEPT_RS5_
FN:47,_ZSt11__addressofIN5Catch3PtrINS0_16IReporterFactoryEEEEPT_RS4_
FN:47,_ZSt11__addressofIN5Catch14SectionEndInfoEEPT_RS2_
FN:47,_ZSt11__addressofIN5Catch8TestCaseEEPT_RS2_
FN:47,_ZSt11__addressofIN5Catch5Clara6Parser5TokenEEPT_RS4_
FN:47,_ZSt11__addressofIN5Catch8TestSpec6FilterEEPT_RS3_
FN:47,_ZSt11__addressofISt6vectorIN5Catch3PtrINS1_22CumulativeReporterBase11SectionNodeEEESaIS5_EEEPT_RS8_
FN:47,_ZSt11__addressofIN5Catch11MessageInfoEEPT_RS2_
FN:47,_ZSt11__addressofIN5Catch14AssertionStatsEEPT_RS2_
FN:47,_ZSt11__addressofIN5Catch5Clara11CommandLineINS0_10ConfigDataEE3ArgEEPT_RS6_
FN:47,_ZSt11__addressofIN5Catch3PtrINS0_18IStreamingReporterEEEEPT_RS4_
FN:47,_ZSt11__addressofIN5Catch3PtrINS0_22CumulativeReporterBase4NodeINS0_12TestRunStatsENS3_INS0_14TestGroupStatsENS3_INS0_13TestCaseStatsENS2_11SectionNodeEEEEEEEEEEPT_RSC_
FN:47,_ZSt11__addressofIN5Catch3PtrINS0_22CumulativeReporterBase4NodeINS0_13TestCaseStatsENS2_11SectionNodeEEEEEEPT_RS8_
FN:47,_ZSt11__addressofIN5Catch3PtrINS0_22CumulativeReporterBase4NodeINS0_14TestGroupStatsENS3_INS0_13TestCaseStatsENS2_11SectionNodeEEEEEEEEPT_RSA_
FN:47,_ZSt11__addressofINSt7__cxx1112basic_stringIcSt11char_traitsIcESaIcEEEEPT_RS6_
FN:47,_ZSt11__addressofIN5Catch15ConsoleReporter13SummaryColumnEEPT_RS3_
FN:76,_ZSt7forwardIRKN5Catch3PtrINS0_16TestCaseTracking8ITrackerEEEEOT_RNSt16remove_referenceIS7_E4typeE
FN:76,_ZSt7forwardISt17_Rb_tree_iteratorIN5Catch8TestCaseEEEOT_RNSt16remove_referenceIS4_E4typeE
FN:76,_ZSt7forwardIN5Catch8TagAliasEEOT_RNSt16remove_referenceIS2_E4typeE
FN:76,_ZSt7forwardIRKPKN5Catch20IExceptionTranslatorEEOT_RNSt16remove_referenceIS6_E4typeE
FN:76,_ZSt7forwardISt4pairINSt7__cxx1112basic_stringIcSt11char_traitsIcESaIcEEEPN5Catch18IGeneratorsForTestEEEOT_RNSt16remove_referenceISB_E4typeE
FN:76,_ZSt7forwardIRKN5Catch14SectionEndInfoEEOT_RNSt16remove_referenceIS4_E4typeE
FN:76,_ZSt7forwardIRSt17_Rb_tree_iteratorINSt7__cxx1112basic_stringIcSt11char_traitsIcESaIcEEEEEOT_RNSt16remove_referenceIS9_E4typeE
FN:76,_ZSt7forwardIRPSt13_Rb_tree_nodeISt4pairIKNSt7__cxx1112basic_stringIcSt11char_traitsIcESaIcEEEN5Catch3PtrINS9_16IReporterFactoryEEEEEEOT_RNSt16remove_referenceISH_E4typeE
FN:76,_ZSt7forwardIRKN5Catch3PtrINS0_22CumulativeReporterBase4NodeINS0_14TestGroupStatsENS3_INS0_13TestCaseStatsENS2_11SectionNodeEEEEEEEEOT_RNSt16remove_referenceISC_E4typeE
FN:76,_ZSt7forwardIRKN5Catch8TestCaseEEOT_RNSt16remove_referenceIS4_E4typeE
FN:76,_ZSt7forwardIbEOT_RNSt16remove_referenceIS0_E4typeE
FN:76,_ZSt7forwardISt17_Rb_tree_iteratorISt4pairIKNSt7__cxx1112basic_stringIcSt11char_traitsIcESaIcEEEN5Catch8TagAliasEEEEOT_RNSt16remove_referenceISD_E4typeE
FN:76,_ZSt7forwardIN5Catch8TestSpec6FilterEEOT_RNSt16remove_referenceIS3_E4typeE
FN:76,_ZSt7forwardIRKN5Catch5Clara6Parser5TokenEEOT_RNSt16remove_referenceIS6_E4typeE
FN:76,_ZSt7forwardIRKNSt7__cxx1112basic_stringIcSt11char_traitsIcESaIcEEEEOT_RNSt16remove_referenceIS8_E4typeE
FN:76,_ZSt7forwardIRPSt13_Rb_tree_nodeISt4pairIKNSt7__cxx1112basic_stringIcSt11char_traitsIcESaIcEEEPN5Catch14IGeneratorInfoEEEEOT_RNSt16remove_referenceISG_E4typeE
FN:76,_ZSt7forwardISt4pairINSt7__cxx1112basic_stringIcSt11char_traitsIcESaIcEEEN5Catch3PtrINS7_16IReporterFactoryEEEEEOT_RNSt16remove_referenceISC_E4typeE
FN:76,_ZSt7forwardISt17_Rb_tree_iteratorISt4pairIKNSt7__cxx1112basic_stringIcSt11char_traitsIcESaIcEEEN5Catch7TagInfoEEEEOT_RNSt16remove_referenceISD_E4typeE
FN:76,_ZSt7forwardIRPSt13_Rb_tree_nodeISt4pairIKNSt7__cxx1112basic_stringIcSt11char_traitsIcESaIcEEEN5Catch8TagAliasEEEEOT_RNSt16remove_referenceISF_E4typeE
FN:76,_ZSt7forwardIRPSt13_Rb_tree_nodeINSt7__cxx1112basic_stringIcSt11char_traitsIcESaIcEEEEEOT_RNSt16remove_referenceISA_E4typeE
FN:76,_ZSt7forwardISt17_Rb_tree_iteratorISt4pairIKNSt7__cxx1112basic_stringIcSt11char_traitsIcESaIcEEEN5Catch3PtrINS9_16IReporterFactoryEEEEEEOT_RNSt16remove_referenceISF_E4typeE
FN:76,_ZSt7forwardIRPN5Catch14IGeneratorInfoEEOT_RNSt16remove_referenceIS4_E4typeE
FN:76,_ZSt7forwardIRKN5Catch11SectionInfoEEOT_RNSt16remove_referenceIS4_E4typeE
FN:76,_ZSt7forwardIRKN5Catch3PtrINS0_16IReporterFactoryEEEEOT_RNSt16remove_referenceIS6_E4typeE
FN:76,_ZSt7forwardINSt7__cxx1112basic_stringIcSt11char_traitsIcESaIcEEEEOT_RNSt16remove_referenceIS6_E4typeE
FN:76,_ZSt7forwardIRPSt13_Rb_tree_nodeIN5Catch8TestCaseEEEOT_RNSt16remove_referenceIS6_E4typeE
FN:76,_ZSt7forwardIRKmEOT_RNSt16remove_referenceIS2_E4typeE
FN:76,_ZSt7forwardISt17_Rb_tree_iteratorISt4pairIKNSt7__cxx1112basic_stringIcSt11char_traitsIcESaIcEEEPN5Catch18IGeneratorsForTestEEEEOT_RNSt16remove_referenceISE_E4typeE
FN:76,_ZSt7forwardIRPSt13_Rb_tree_nodeISt4pairIKNSt7__cxx1112basic_stringIcSt11char_traitsIcESaIcEEEPN5Catch18IGeneratorsForTestEEEEOT_RNSt16remove_referenceISG_E4typeE
FN:76,_ZSt7forwardISt17_Rb_tree_iteratorINSt7__cxx1112basic_stringIcSt11char_traitsIcESaIcEEEEEOT_RNSt16remove_referenceIS8_E4typeE
FN:76,_ZSt7forwardIRPSt18_Rb_tree_node_baseEOT_RNSt16remove_referenceIS3_E4typeE
FN:76,_ZSt7forwardIN5Catch5Clara6Parser5TokenEEOT_RNSt16remove_referenceIS4_E4typeE
FN:76,_ZSt7forwardIRNSt7__cxx1112basic_stringIcSt11char_traitsIcESaIcEEEEOT_RNSt16remove_referenceIS7_E4typeE
FN:76,_ZSt7forwardIN5Catch7TagInfoEEOT_RNSt16remove_referenceIS2_E4typeE
FN:76,_ZSt7forwardIRKN5Catch3PtrINS0_18IStreamingReporterEEEEOT_RNSt16remove_referenceIS6_E4typeE
FN:76,_ZSt7forwardISt17_Rb_tree_iteratorISt4pairIKNSt7__cxx1112basic_stringIcSt11char_traitsIcESaIcEEEPN5Catch14IGeneratorInfoEEEEOT_RNSt16remove_referenceISE_E4typeE
FN:76,_ZSt7forwardISt4pairINSt7__cxx1112basic_stringIcSt11char_traitsIcESaIcEEEN5Catch7TagInfoEEEOT_RNSt16remove_referenceISA_E4typeE
FN:76,_ZSt7forwardIPN5Catch18IGeneratorsForTestEEOT_RNSt16remove_referenceIS3_E4typeE
FN:76,_ZSt7forwardIRPSt13_Rb_tree_nodeISt4pairIKNSt7__cxx1112basic_stringIcSt11char_traitsIcESaIcEEEN5Catch7TagInfoEEEEOT_RNSt16remove_referenceISF_E4typeE
FN:76,_ZSt7forwardISt4pairINSt7__cxx1112basic_stringIcSt11char_traitsIcESaIcEEEPN5Catch14IGeneratorInfoEEEOT_RNSt16remove_referenceISB_E4typeE
FN:76,_ZSt7forwardIRKN5Catch3PtrINS0_22CumulativeReporterBase4NodeINS0_12TestRunStatsENS3_INS0_14TestGroupStatsENS3_INS0_13TestCaseStatsENS2_11SectionNodeEEEEEEEEEEOT_RNSt16remove_referenceISE_E4typeE
FN:76,_ZSt7forwardIRPN5Catch18IGeneratorsForTestEEOT_RNSt16remove_referenceIS4_E4typeE
FN:76,_ZSt7forwardIPN5Catch16TestCaseTracking8ITrackerEEOT_RNSt16remove_referenceIS4_E4typeE
FN:76,_ZSt7forwardIRKN5Catch14AssertionStatsEEOT_RNSt16remove_referenceIS4_E4typeE
FN:76,_ZSt7forwardIN5Catch11MessageInfoEEOT_RNSt16remove_referenceIS2_E4typeE
FN:76,_ZSt7forwardIRKN5Catch3PtrINS0_8TestSpec7PatternEEEEOT_RNSt16remove_referenceIS7_E4typeE
FN:76,_ZSt7forwardIRKPN5Catch14IGeneratorInfoEEOT_RNSt16remove_referenceIS5_E4typeE
FN:76,_ZSt7forwardIPN5Catch14IGeneratorInfoEEOT_RNSt16remove_referenceIS3_E4typeE
FN:76,_ZSt7forwardIRKN5Catch11MessageInfoEEOT_RNSt16remove_referenceIS4_E4typeE
FN:76,_ZSt7forwardIRSt17_Rb_tree_iteratorIN5Catch8TestCaseEEEOT_RNSt16remove_referenceIS5_E4typeE
FN:76,_ZSt7forwardIRKN5Catch3PtrINS0_22CumulativeReporterBase11SectionNodeEEEEOT_RNSt16remove_referenceIS7_E4typeE
FN:76,_ZSt7forwardIN5Catch5Clara11CommandLineINS0_10ConfigDataEE3ArgEEOT_RNSt16remove_referenceIS6_E4typeE
FN:76,_ZSt7forwardIRKN5Catch5Clara11CommandLineINS0_10ConfigDataEE3ArgEEOT_RNSt16remove_referenceIS8_E4typeE
FN:76,_ZSt7forwardIN5Catch14SectionEndInfoEEOT_RNSt16remove_referenceIS2_E4typeE
FN:76,_ZSt7forwardIRbEOT_RNSt16remove_referenceIS1_E4typeE
FN:76,_ZSt7forwardIRKN5Catch8TestSpec6FilterEEOT_RNSt16remove_referenceIS5_E4typeE
FN:76,_ZSt7forwardISt4pairINSt7__cxx1112basic_stringIcSt11char_traitsIcESaIcEEEN5Catch8TagAliasEEEOT_RNSt16remove_referenceISA_E4typeE
FN:76,_ZSt7forwardIN5Catch11SectionInfoEEOT_RNSt16remove_referenceIS2_E4typeE
FN:76,_ZSt7forwardIN5Catch3PtrINS0_16IReporterFactoryEEEEOT_RNSt16remove_referenceIS4_E4typeE
FN:76,_ZSt7forwardIN5Catch15ConsoleReporter13SummaryColumnEEOT_RNSt16remove_referenceIS3_E4typeE
FN:76,_ZSt7forwardIRKN5Catch3PtrINS0_22CumulativeReporterBase4NodeINS0_13TestCaseStatsENS2_11SectionNodeEEEEEEOT_RNSt16remove_referenceISA_E4typeE
FN:76,_ZSt7forwardIN5Catch14AssertionStatsEEOT_RNSt16remove_referenceIS2_E4typeE
FN:101,_ZSt4moveIRN5Catch5Clara6Parser5TokenEEONSt16remove_referenceIT_E4typeEOS6_
FN:101,_ZSt4moveIRNSt7__cxx1112basic_stringIcSt11char_traitsIcESaIcEEEEONSt16remove_referenceIT_E4typeEOS8_
FN:101,_ZSt4moveIRPN5Catch3PtrINS0_8TestSpec7PatternEEEEONSt16remove_referenceIT_E4typeEOS8_
FN:101,_ZSt4moveIRPNSt7__cxx1112basic_stringIcSt11char_traitsIcESaIcEEEEONSt16remove_referenceIT_E4typeEOS9_
FN:101,_ZSt4moveIRSaISt13_Rb_tree_nodeINSt7__cxx1112basic_stringIcSt11char_traitsIcESaIcEEEEEEONSt16remove_referenceIT_E4typeEOSB_
FN:101,_ZSt4moveIRPN5Catch11MessageInfoEEONSt16remove_referenceIT_E4typeEOS5_
FN:101,_ZSt4moveIRSt4lessINSt7__cxx1112basic_stringIcSt11char_traitsIcESaIcEEEEEONSt16remove_referenceIT_E4typeEOSA_
FN:101,_ZSt4moveIRSaINSt7__cxx1112basic_stringIcSt11char_traitsIcESaIcEEEEEONSt16remove_referenceIT_E4typeEOS9_
FN:101,_ZSt4moveIRSt6vectorIN5Catch5Clara6Parser5TokenESaIS4_EEEONSt16remove_referenceIT_E4typeEOS9_
FN:101,_ZSt4moveIRPN5Catch18IStreamingReporterEEONSt16remove_referenceIT_E4typeEOS5_
FN:101,_ZSt4moveIRPN5Catch16TestCaseTracking8ITrackerEEONSt16remove_referenceIT_E4typeEOS6_
FN:101,_ZSt4moveIRPSt18_Rb_tree_node_baseEONSt16remove_referenceIT_E4typeEOS4_
FN:101,_ZSt4moveIRSt6vectorIN5Catch8TestSpec6FilterESaIS3_EEEONSt16remove_referenceIT_E4typeEOS8_
FN:101,_ZSt4moveIRPN5Catch8TestCaseEEONSt16remove_referenceIT_E4typeEOS5_
FN:101,_ZSt4moveIRmEONSt16remove_referenceIT_E4typeEOS2_
FN:101,_ZSt4moveIRN5Catch14SourceLineInfoEEONSt16remove_referenceIT_E4typeEOS4_
FN:101,_ZSt4moveIRPN5Catch9ITestCaseEEONSt16remove_referenceIT_E4typeEOS5_
FN:101,_ZSt4moveIRPN5Catch3PtrINS0_22CumulativeReporterBase4NodeINS0_14TestGroupStatsENS3_INS0_13TestCaseStatsENS2_11SectionNodeEEEEEEEEONSt16remove_referenceIT_E4typeEOSD_
FN:101,_ZSt4moveIRSt6vectorIN5Catch11MessageInfoESaIS2_EEEONSt16remove_referenceIT_E4typeEOS7_
FN:101,_ZSt4moveIRPN5Catch22CumulativeReporterBase11SectionNodeEEONSt16remove_referenceIT_E4typeEOS6_
FN:101,_ZSt4moveIRPN5Catch5Clara6Parser5TokenEEONSt16remove_referenceIT_E4typeEOS7_
FN:101,_ZSt4moveIRN5Catch12TestCaseInfo17SpecialPropertiesEEONSt16remove_referenceIT_E4typeEOS5_
FN:101,_ZSt4moveIRN5Catch15ConsoleReporter13SummaryColumnEEONSt16remove_referenceIT_E4typeEOS5_
FN:101,_ZSt4moveIRPKN5Catch7IConfigEEONSt16remove_referenceIT_E4typeEOS6_
FN:101,_ZSt4moveIRN5Catch5Clara11CommandLineINS0_10ConfigDataEE3ArgEEONSt16remove_referenceIT_E4typeEOS8_
FN:101,_ZSt4moveIRPN5Catch5Clara11CommandLineINS0_10ConfigDataEE3ArgEEONSt16remove_referenceIT_E4typeEOS9_
FN:101,_ZSt4moveIRSt6vectorIN5Catch8TestCaseESaIS2_EEEONSt16remove_referenceIT_E4typeEOS7_
FN:101,_ZSt4moveIRSaIN5Catch11MessageInfoEEEONSt16remove_referenceIT_E4typeEOS5_
FN:101,_ZSt4moveIRPN5Catch8TestSpec6FilterEEONSt16remove_referenceIT_E4typeEOS6_
FN:101,_ZSt4moveIRPN5Catch8TestSpec7PatternEEONSt16remove_referenceIT_E4typeEOS6_
FN:101,_ZSt4moveIRSaIN5Catch8TestSpec6FilterEEEONSt16remove_referenceIT_E4typeEOS6_
FN:101,_ZSt4moveIRPN5Catch3PtrINS0_22CumulativeReporterBase4NodeINS0_13TestCaseStatsENS2_11SectionNodeEEEEEEONSt16remove_referenceIT_E4typeEOSB_
FN:101,_ZSt4moveIRN5Catch11MessageInfoEEONSt16remove_referenceIT_E4typeEOS4_
FN:101,_ZSt4moveIRSaIN5Catch8TestCaseEEEONSt16remove_referenceIT_E4typeEOS5_
FN:101,_ZSt4moveIRSt8_Rb_treeINSt7__cxx1112basic_stringIcSt11char_traitsIcESaIcEEES6_St9_IdentityIS6_ESt4lessIS6_ESaIS6_EEEONSt16remove_referenceIT_E4typeEOSF_
FN:101,_ZSt4moveIRPN5Catch6ConfigEEONSt16remove_referenceIT_E4typeEOS5_
FN:101,_ZSt4moveIRN5Catch8TestCaseEEONSt16remove_referenceIT_E4typeEOS4_
FN:101,_ZSt4moveIRSt6vectorINSt7__cxx1112basic_stringIcSt11char_traitsIcESaIcEEESaIS6_EEEONSt16remove_referenceIT_E4typeEOSB_
FN:101,_ZSt4moveIRSaIN5Catch3PtrINS0_8TestSpec7PatternEEEEEONSt16remove_referenceIT_E4typeEOS8_
FN:101,_ZSt4moveIRSt6vectorIN5Catch3PtrINS1_8TestSpec7PatternEEESaIS5_EEEONSt16remove_referenceIT_E4typeEOSA_
FN:101,_ZSt4moveIRSaIN5Catch5Clara6Parser5TokenEEEONSt16remove_referenceIT_E4typeEOS7_
FN:179,_ZSt4swapIPN5Catch9ITestCaseEENSt9enable_ifIXsrSt6__and_IJSt21is_move_constructibleIT_ESt18is_move_assignableIS6_EEE5valueEvE4typeERS6_SD_
FN:179,_ZSt4swapIN5Catch14SourceLineInfoEENSt9enable_ifIXsrSt6__and_IJSt21is_move_constructibleIT_ESt18is_move_assignableIS5_EEE5valueEvE4typeERS5_SC_
FN:179,_ZSt4swapIPN5Catch11MessageInfoEENSt9enable_ifIXsrSt6__and_IJSt21is_move_constructibleIT_ESt18is_move_assignableIS6_EEE5valueEvE4typeERS6_SD_
FN:179,_ZSt4swapIPN5Catch8TestSpec7PatternEENSt9enable_ifIXsrSt6__and_IJSt21is_move_constructibleIT_ESt18is_move_assignableIS7_EEE5valueEvE4typeERS7_SE_
FN:179,_ZSt4swapIPN5Catch18IStreamingReporterEENSt9enable_ifIXsrSt6__and_IJSt21is_move_constructibleIT_ESt18is_move_assignableIS6_EEE5valueEvE4typeERS6_SD_
FN:179,_ZSt4swapIPN5Catch6ConfigEENSt9enable_ifIXsrSt6__and_IJSt21is_move_constructibleIT_ESt18is_move_assignableIS6_EEE5valueEvE4typeERS6_SD_
FN:179,_ZSt4swapIN5Catch8TestCaseEENSt9enable_ifIXsrSt6__and_IJSt21is_move_constructibleIT_ESt18is_move_assignableIS5_EEE5valueEvE4typeERS5_SC_
FN:179,_ZSt4swapIPN5Catch22CumulativeReporterBase11SectionNodeEENSt9enable_ifIXsrSt6__and_IJSt21is_move_constructibleIT_ESt18is_move_assignableIS7_EEE5valueEvE4typeERS7_SE_
FN:179,_ZSt4swapIPN5Catch5Clara11CommandLineINS0_10ConfigDataEE3ArgEENSt9enable_ifIXsrSt6__and_IJSt21is_move_constructibleIT_ESt18is_move_assignableISA_EEE5valueEvE4typeERSA_SH_
FN:179,_ZSt4swapIPNSt7__cxx1112basic_stringIcSt11char_traitsIcESaIcEEEENSt9enable_ifIXsrSt6__and_IJSt21is_move_constructibleIT_ESt18is_move_assignableISA_EEE5valueEvE4typeERSA_SH_
FN:179,_ZSt4swapIN5Catch12TestCaseInfo17SpecialPropertiesEENSt9enable_ifIXsrSt6__and_IJSt21is_move_constructibleIT_ESt18is_move_assignableIS6_EEE5valueEvE4typeERS6_SD_
FN:179,_ZSt4swapIPKN5Catch7IConfigEENSt9enable_ifIXsrSt6__and_IJSt21is_move_constructibleIT_ESt18is_move_assignableIS7_EEE5valueEvE4typeERS7_SE_
FN:179,_ZSt4swapIPN5Catch8TestCaseEENSt9enable_ifIXsrSt6__and_IJSt21is_move_constructibleIT_ESt18is_move_assignableIS6_EEE5valueEvE4typeERS6_SD_
FN:179,_ZSt4swapIPN5Catch3PtrINS0_22CumulativeReporterBase4NodeINS0_14TestGroupStatsENS3_INS0_13TestCaseStatsENS2_11SectionNodeEEEEEEEENSt9enable_ifIXsrSt6__and_IJSt21is_move_constructibleIT_ESt18is_move_assignableISE_EEE5valueEvE4typeERSE_SL_
FN:179,_ZSt4swapIPN5Catch16TestCaseTracking8ITrackerEENSt9enable_ifIXsrSt6__and_IJSt21is_move_constructibleIT_ESt18is_move_assignableIS7_EEE5valueEvE4typeERS7_SE_
FN:179,_ZSt4swapIPSt18_Rb_tree_node_baseENSt9enable_ifIXsrSt6__and_IJSt21is_move_constructibleIT_ESt18is_move_assignableIS5_EEE5valueEvE4typeERS5_SC_
FN:179,_ZSt4swapIPN5Catch8TestSpec6FilterEENSt9enable_ifIXsrSt6__and_IJSt21is_move_constructibleIT_ESt18is_move_assignableIS7_EEE5valueEvE4typeERS7_SE_
FN:179,_ZSt4swapIPN5Catch5Clara6Parser5TokenEENSt9enable_ifIXsrSt6__and_IJSt21is_move_constructibleIT_ESt18is_move_assignableIS8_EEE5valueEvE4typeERS8_SF_
FN:179,_ZSt4swapIPN5Catch3PtrINS0_8TestSpec7PatternEEEENSt9enable_ifIXsrSt6__and_IJSt21is_move_constructibleIT_ESt18is_move_assignableIS9_EEE5valueEvE4typeERS9_SG_
FN:179,_ZSt4swapImENSt9enable_ifIXsrSt6__and_IJSt21is_move_constructibleIT_ESt18is_move_assignableIS3_EEE5valueEvE4typeERS3_SA_
FN:179,_ZSt4swapIPN5Catch3PtrINS0_22CumulativeReporterBase4NodeINS0_13TestCaseStatsENS2_11SectionNodeEEEEEENSt9enable_ifIXsrSt6__and_IJSt21is_move_constructibleIT_ESt18is_move_assignableISC_EEE5valueEvE4typeERSC_SJ_
FN:179,_ZSt4swapISt4lessINSt7__cxx1112basic_stringIcSt11char_traitsIcESaIcEEEEENSt9enable_ifIXsrSt6__and_IJSt21is_move_constructibleIT_ESt18is_move_assignableISB_EEE5valueEvE4typeERSB_SI_
FNDA:0,_ZSt11__addressofIN5Catch15ConsoleReporter13SummaryColumnEEPT_RS3_
FNDA:0,_ZSt11__addressofIN5Catch3PtrINS0_22CumulativeReporterBase4NodeINS0_12TestRunStatsENS3_INS0_14TestGroupStatsENS3_INS0_13TestCaseStatsENS2_11SectionNodeEEEEEEEEEEPT_RSC_
FNDA:0,_ZSt11__addressofIN5Catch3PtrINS0_22CumulativeReporterBase4NodeINS0_14TestGroupStatsENS3_INS0_13TestCaseStatsENS2_11SectionNodeEEEEEEEEPT_RSA_
FNDA:0,_ZSt11__addressofIN5Catch3PtrINS0_22CumulativeReporterBase4NodeINS0_13TestCaseStatsENS2_11SectionNodeEEEEEEPT_RS8_
FNDA:0,_ZSt11__addressofISt6vectorIN5Catch3PtrINS1_22CumulativeReporterBase11SectionNodeEEESaIS5_EEEPT_RS8_
FNDA:0,_ZSt11__addressofIN5Catch14AssertionStatsEEPT_RS2_
FNDA:0,_ZSt11__addressofIN5Catch3PtrINS0_22CumulativeReporterBase11SectionNodeEEEEPT_RS5_
FNDA:0,_ZSt11__addressofIN5Catch11SectionInfoEEPT_RS2_
FNDA:0,_ZSt11__addressofIN5Catch3PtrINS0_18IStreamingReporterEEEEPT_RS4_
FNDA:0,_ZSt11__addressofIN5Catch5Clara6Parser5TokenEEPT_RS4_
FNDA:0,_ZSt11__addressofIN5Catch3PtrINS0_16IReporterFactoryEEEEPT_RS4_
FNDA:0,_ZSt11__addressofIN5Catch14SectionEndInfoEEPT_RS2_
FNDA:12,_ZSt11__addressofIN5Catch3PtrINS0_16TestCaseTracking8ITrackerEEEEPT_RS5_
FNDA:66,_ZSt11__addressofIN5Catch8TestCaseEEPT_RS2_
FNDA:0,_ZSt11__addressofIN5Catch11MessageInfoEEPT_RS2_
FNDA:85,_ZSt11__addressofIN5Catch5Clara11CommandLineINS0_10ConfigDataEE3ArgEEPT_RS6_
FNDA:95,_ZSt11__addressofINSt7__cxx1112basic_stringIcSt11char_traitsIcESaIcEEEEPT_RS6_
FNDA:3,_ZSt11__addressofIN5Catch8TestSpec6FilterEEPT_RS3_
FNDA:5,_ZSt11__addressofIN5Catch3PtrINS0_8TestSpec7PatternEEEEPT_RS5_
FNDA:0,_ZSt7forwardIPN5Catch14IGeneratorInfoEEOT_RNSt16remove_referenceIS3_E4typeE
FNDA:0,_ZSt7forwardIPN5Catch18IGeneratorsForTestEEOT_RNSt16remove_referenceIS3_E4typeE
FNDA:4,_ZSt7forwardIN5Catch3PtrINS0_16IReporterFactoryEEEEOT_RNSt16remove_referenceIS4_E4typeE
FNDA:0,_ZSt7forwardIN5Catch14AssertionStatsEEOT_RNSt16remove_referenceIS2_E4typeE
FNDA:0,_ZSt7forwardIN5Catch11SectionInfoEEOT_RNSt16remove_referenceIS2_E4typeE
FNDA:0,_ZSt7forwardIN5Catch14SectionEndInfoEEOT_RNSt16remove_referenceIS2_E4typeE
FNDA:0,_ZSt7forwardIN5Catch11MessageInfoEEOT_RNSt16remove_referenceIS2_E4typeE
FNDA:0,_ZSt7forwardIN5Catch8TestSpec6FilterEEOT_RNSt16remove_referenceIS3_E4typeE
FNDA:31,_ZSt7forwardIRKN5Catch5Clara11CommandLineINS0_10ConfigDataEE3ArgEEOT_RNSt16remove_referenceIS8_E4typeE
FNDA:0,_ZSt7forwardIRKN5Catch5Clara6Parser5TokenEEOT_RNSt16remove_referenceIS6_E4typeE
FNDA:0,_ZSt7forwardIRPSt13_Rb_tree_nodeISt4pairIKNSt7__cxx1112basic_stringIcSt11char_traitsIcESaIcEEEN5Catch8TagAliasEEEEOT_RNSt16remove_referenceISF_E4typeE
FNDA:0,_ZSt7forwardIRPSt13_Rb_tree_nodeISt4pairIKNSt7__cxx1112basic_stringIcSt11char_traitsIcESaIcEEEPN5Catch14IGeneratorInfoEEEEOT_RNSt16remove_referenceISG_E4typeE
FNDA:0,_ZSt7forwardIRPSt13_Rb_tree_nodeISt4pairIKNSt7__cxx1112basic_stringIcSt11char_traitsIcESaIcEEEPN5Catch18IGeneratorsForTestEEEEOT_RNSt16remove_referenceISG_E4typeE
FNDA:4,_ZSt7forwardIRPSt13_Rb_tree_nodeISt4pairIKNSt7__cxx1112basic_stringIcSt11char_traitsIcESaIcEEEN5Catch3PtrINS9_16IReporterFactoryEEEEEEOT_RNSt16remove_referenceISH_E4typeE
FNDA:12,_ZSt7forwardIRPSt13_Rb_tree_nodeIN5Catch8TestCaseEEEOT_RNSt16remove_referenceIS6_E4typeE
FNDA:0,_ZSt7forwardIRPSt13_Rb_tree_nodeISt4pairIKNSt7__cxx1112basic_stringIcSt11char_traitsIcESaIcEEEN5Catch7TagInfoEEEEOT_RNSt16remove_referenceISF_E4typeE
FNDA:16,_ZSt7forwardIRPSt18_Rb_tree_node_baseEOT_RNSt16remove_referenceIS3_E4typeE
FNDA:0,_ZSt7forwardIRPSt13_Rb_tree_nodeINSt7__cxx1112basic_stringIcSt11char_traitsIcESaIcEEEEEOT_RNSt16remove_referenceISA_E4typeE
FNDA:75,_ZSt7forwardIN5Catch5Clara11CommandLineINS0_10ConfigDataEE3ArgEEOT_RNSt16remove_referenceIS6_E4typeE
FNDA:5,_ZSt7forwardIRKN5Catch3PtrINS0_8TestSpec7PatternEEEEOT_RNSt16remove_referenceIS7_E4typeE
FNDA:0,_ZSt7forwardIN5Catch15ConsoleReporter13SummaryColumnEEOT_RNSt16remove_referenceIS3_E4typeE
FNDA:0,_ZSt7forwardIRKN5Catch3PtrINS0_22CumulativeReporterBase4NodeINS0_12TestRunStatsENS3_INS0_14TestGroupStatsENS3_INS0_13TestCaseStatsENS2_11SectionNodeEEEEEEEEEEOT_RNSt16remove_referenceISE_E4typeE
FNDA:0,_ZSt7forwardIRKN5Catch3PtrINS0_22CumulativeReporterBase4NodeINS0_14TestGroupStatsENS3_INS0_13TestCaseStatsENS2_11SectionNodeEEEEEEEEOT_RNSt16remove_referenceISC_E4typeE
FNDA:0,_ZSt7forwardIRKN5Catch3PtrINS0_22CumulativeReporterBase4NodeINS0_13TestCaseStatsENS2_11SectionNodeEEEEEEOT_RNSt16remove_referenceISA_E4typeE
FNDA:0,_ZSt7forwardIRKN5Catch14AssertionStatsEEOT_RNSt16remove_referenceIS4_E4typeE
FNDA:0,_ZSt7forwardIRKN5Catch3PtrINS0_22CumulativeReporterBase11SectionNodeEEEEOT_RNSt16remove_referenceIS7_E4typeE
FNDA:25,_ZSt7forwardIRKN5Catch11SectionInfoEEOT_RNSt16remove_referenceIS4_E4typeE
FNDA:0,_ZSt7forwardIRKN5Catch3PtrINS0_18IStreamingReporterEEEEOT_RNSt16remove_referenceIS6_E4typeE
FNDA:0,_ZSt7forwardISt17_Rb_tree_iteratorISt4pairIKNSt7__cxx1112basic_stringIcSt11char_traitsIcESaIcEEEN5Catch8TagAliasEEEEOT_RNSt16remove_referenceISD_E4typeE
FNDA:0,_ZSt7forwardIRKPN5Catch14IGeneratorInfoEEOT_RNSt16remove_referenceIS5_E4typeE
FNDA:0,_ZSt7forwardISt17_Rb_tree_iteratorISt4pairIKNSt7__cxx1112basic_stringIcSt11char_traitsIcESaIcEEEPN5Catch14IGeneratorInfoEEEEOT_RNSt16remove_referenceISE_E4typeE
FNDA:0,_ZSt7forwardISt17_Rb_tree_iteratorISt4pairIKNSt7__cxx1112basic_stringIcSt11char_traitsIcESaIcEEEPN5Catch18IGeneratorsForTestEEEEOT_RNSt16remove_referenceISE_E4typeE
FNDA:0,_ZSt7forwardIRKPKN5Catch20IExceptionTranslatorEEOT_RNSt16remove_referenceIS6_E4typeE
FNDA:4,_ZSt7forwardISt17_Rb_tree_iteratorISt4pairIKNSt7__cxx1112basic_stringIcSt11char_traitsIcESaIcEEEN5Catch3PtrINS9_16IReporterFactoryEEEEEEOT_RNSt16remove_referenceISF_E4typeE
FNDA:12,_ZSt7forwardISt17_Rb_tree_iteratorIN5Catch8TestCaseEEEOT_RNSt16remove_referenceIS4_E4typeE
FNDA:140,_ZSt7forwardIRKN5Catch8TestCaseEEOT_RNSt16remove_referenceIS4_E4typeE
FNDA:0,_ZSt7forwardIRKN5Catch14SectionEndInfoEEOT_RNSt16remove_referenceIS4_E4typeE
FNDA:0,_ZSt7forwardIPN5Catch16TestCaseTracking8ITrackerEEOT_RNSt16remove_referenceIS4_E4typeE
FNDA:36,_ZSt7forwardIRKN5Catch3PtrINS0_16TestCaseTracking8ITrackerEEEEOT_RNSt16remove_referenceIS7_E4typeE
FNDA:0,_ZSt7forwardISt17_Rb_tree_iteratorISt4pairIKNSt7__cxx1112basic_stringIcSt11char_traitsIcESaIcEEEN5Catch7TagInfoEEEEOT_RNSt16remove_referenceISD_E4typeE
FNDA:16,_ZSt7forwardIbEOT_RNSt16remove_referenceIS0_E4typeE
FNDA:0,_ZSt7forwardISt17_Rb_tree_iteratorINSt7__cxx1112basic_stringIcSt11char_traitsIcESaIcEEEEEOT_RNSt16remove_referenceIS8_E4typeE
[...]
FNF:2
FNH:2
DA:101,9
DA:102,9
DA:179,3
DA:190,3
DA:191,3
DA:192,3
DA:193,3
LF:7
LH:7
end_of_record
SF:/usr/include/c++/6/bits/stl_iterator_base_types.h
FN:118,_ZNSt8iteratorISt26bidirectional_iterator_tagN6BStree4NodeIiEElPS3_RS3_EC2Ev
FNDA:36,_ZNSt8iteratorISt26bidirectional_iterator_tagN6BStree4NodeIiEElPS3_RS3_EC2Ev
FNF:1
FNH:1
DA:118,36
LF:1
LH:1
end_of_record
SF:/usr/include/c++/6/initializer_list
FN:71,_ZNKSt16initializer_listIiE4sizeEv
FN:75,_ZNKSt16initializer_listIiE5beginEv
FN:79,_ZNKSt16initializer_listIiE3endEv
FNDA:15,_ZNKSt16initializer_listIiE4sizeEv
FNDA:30,_ZNKSt16initializer_listIiE5beginEv
FNDA:15,_ZNKSt16initializer_listIiE3endEv
FNF:3
FNH:3
DA:71,15
DA:75,30
DA:79,15
LF:3
LH:3
end_of_record
SF:/usr/include/c++/6/iostream
DA:74,1
LF:1
LH:1
end_of_record
SF:/home/anton/workspace/BStree/gcov/Node.hpp
FN:12,_ZN6BStree4NodeIiEC2Ei
FNDA:130,_ZN6BStree4NodeIiEC2Ei
FNF:1
FNH:1
DA:12,130
LF:1
LH:1
end_of_record
SF:/home/anton/workspace/BStree/gcov/catch.hpp
FN:471,_ZN5Catch6isTrueEb
FN:720,_ZN5Catch11NameAndDescC2EPKcS2_
FN:912,_ZN5Catch20DecomposedExpressionC2Ev
FN:914,_ZN5Catch20DecomposedExpressionD2Ev
FN:914,_ZN5Catch20DecomposedExpressionD0Ev
FN:915,_ZNK5Catch20DecomposedExpression18isBinaryExpressionEv
FN:1290,_ZN5Catch8Internal14OperatorTraitsILNS0_8OperatorE0EE7getNameEv
FN:1298,_ZN5Catch8Internal6opCastINSt7__cxx1112basic_stringIcSt11char_traitsIcESaIcEEEEERT_RKS8_
FN:1298,_ZN5Catch8Internal6opCastIiEERT_RKS2_
FN:1298,_ZN5Catch8Internal6opCastIbEERT_RKS2_
FN:1312,_ZN5Catch8Internal9EvaluatorINSt7__cxx1112basic_stringIcSt11char_traitsIcESaIcEEES7_LNS0_8OperatorE0EE8evaluateERKS7_SB_
FN:1312,_ZN5Catch8Internal9EvaluatorIiiLNS0_8OperatorE0EE8evaluateERKiS5_
FN:1312,_ZN5Catch8Internal9EvaluatorIbbLNS0_8OperatorE0EE8evaluateERKbS5_
FN:1357,_ZN5Catch8Internal7compareILNS0_8OperatorE0EbbEEbRKT0_RKT1_
FN:1357,_ZN5Catch8Internal7compareILNS0_8OperatorE0EiiEEbRKT0_RKT1_
FN:1357,_ZN5Catch8Internal7compareILNS0_8OperatorE0ENSt7__cxx1112basic_stringIcSt11char_traitsIcESaIcEEES8_EEbRKT0_RKT1_
FN:1800,_ZN5Catch13ExpressionLhsIRKiED0Ev
FN:1800,_ZN5Catch13ExpressionLhsIbED2Ev
FN:1800,_ZN5Catch13ExpressionLhsIRKNSt7__cxx1112basic_stringIcSt11char_traitsIcESaIcEEEED2Ev
FN:1800,_ZN5Catch13ExpressionLhsIRKNSt7__cxx1112basic_stringIcSt11char_traitsIcESaIcEEEED0Ev
FN:1800,_ZN5Catch13ExpressionLhsIRKiED2Ev
FN:1800,_ZN5Catch13ExpressionLhsIbED0Ev
FN:1802,_ZN5Catch13ExpressionLhsIbEC2ERNS_13ResultBuilderEb
FN:1802,_ZN5Catch13ExpressionLhsIRKiEC2ERNS_13ResultBuilderES2_
FN:1802,_ZN5Catch13ExpressionLhsIRKNSt7__cxx1112basic_stringIcSt11char_traitsIcESaIcEEEEC2ERNS_13ResultBuilderES8_
FN:1808,_ZN5Catch13ExpressionLhsIRKiEeqIiEENS_16BinaryExpressionIS2_LNS_8Internal8OperatorE0ERKT_EESA_
FN:1808,_ZN5Catch13ExpressionLhsIRKNSt7__cxx1112basic_stringIcSt11char_traitsIcESaIcEEEEeqIS6_EENS_16BinaryExpressionIS8_LNS_8Internal8OperatorE0ERKT_EESG_
FN:1842,_ZN5Catch13ExpressionLhsIbEeqEb
FN:1857,_ZNK5Catch13ExpressionLhsIRKNSt7__cxx1112basic_stringIcSt11char_traitsIcESaIcEEEE21reconstructExpressionERS6_
FN:1857,_ZNK5Catch13ExpressionLhsIbE21reconstructExpressionERNSt7__cxx1112basic_stringIcSt11char_traitsIcESaIcEEE
FN:1857,_ZNK5Catch13ExpressionLhsIRKiE21reconstructExpressionERNSt7__cxx1112basic_stringIcSt11char_traitsIcESaIcEEE
FN:1863,_ZNK5Catch13ExpressionLhsIRKNSt7__cxx1112basic_stringIcSt11char_traitsIcESaIcEEEE17captureExpressionILNS_8Internal8OperatorE0ES7_EENS_16BinaryExpressionIS8_XT_ERT0_EESF_
FN:1863,_ZNK5Catch13ExpressionLhsIRKiE17captureExpressionILNS_8Internal8OperatorE0ES1_EENS_16BinaryExpressionIS2_XT_ERT0_EES9_
FN:1868,_ZNK5Catch13ExpressionLhsIbE17captureExpressionILNS_8Internal8OperatorE0EEENS_16BinaryExpressionIbXT_EbEEb
FN:1879,_ZN5Catch16BinaryExpressionIRKNSt7__cxx1112basic_stringIcSt11char_traitsIcESaIcEEELNS_8Internal8OperatorE0ES8_ED0Ev
FN:1879,_ZN5Catch16BinaryExpressionIRKiLNS_8Internal8OperatorE0ES2_ED2Ev
FN:1879,_ZN5Catch16BinaryExpressionIRKNSt7__cxx1112basic_stringIcSt11char_traitsIcESaIcEEELNS_8Internal8OperatorE0ES8_ED2Ev
FN:1879,_ZN5Catch16BinaryExpressionIbLNS_8Internal8OperatorE0EbED0Ev
FN:1879,_ZN5Catch16BinaryExpressionIRKiLNS_8Internal8OperatorE0ES2_ED0Ev
FN:1879,_ZN5Catch16BinaryExpressionIbLNS_8Internal8OperatorE0EbED2Ev
FN:1881,_ZN5Catch16BinaryExpressionIRKNSt7__cxx1112basic_stringIcSt11char_traitsIcESaIcEEELNS_8Internal8OperatorE0ES8_EC2ERNS_13ResultBuilderES8_S8_
FN:1881,_ZN5Catch16BinaryExpressionIbLNS_8Internal8OperatorE0EbEC2ERNS_13ResultBuilderEbb
FN:1881,_ZN5Catch16BinaryExpressionIRKiLNS_8Internal8OperatorE0ES2_EC2ERNS_13ResultBuilderES2_S2_
FN:1886,_ZNK5Catch16BinaryExpressionIbLNS_8Internal8OperatorE0EbE13endExpressionEv
FN:1886,_ZNK5Catch16BinaryExpressionIRKiLNS_8Internal8OperatorE0ES2_E13endExpressionEv
FN:1886,_ZNK5Catch16BinaryExpressionIRKNSt7__cxx1112basic_stringIcSt11char_traitsIcESaIcEEELNS_8Internal8OperatorE0ES8_E13endExpressionEv
FN:1892,_ZNK5Catch16BinaryExpressionIRKNSt7__cxx1112basic_stringIcSt11char_traitsIcESaIcEEELNS_8Internal8OperatorE0ES8_E18isBinaryExpressionEv
FN:1892,_ZNK5Catch16BinaryExpressionIRKiLNS_8Internal8OperatorE0ES2_E18isBinaryExpressionEv
FN:1892,_ZNK5Catch16BinaryExpressionIbLNS_8Internal8OperatorE0EbE18isBinaryExpressionEv
FN:1896,_ZNK5Catch16BinaryExpressionIbLNS_8Internal8OperatorE0EbE21reconstructExpressionERNSt7__cxx1112basic_stringIcSt11char_traitsIcESaIcEEE
FN:1896,_ZNK5Catch16BinaryExpressionIRKiLNS_8Internal8OperatorE0ES2_E21reconstructExpressionERNSt7__cxx1112basic_stringIcSt11char_traitsIcESaIcEEE
FN:1896,_ZNK5Catch16BinaryExpressionIRKNSt7__cxx1112basic_stringIcSt11char_traitsIcESaIcEEELNS_8Internal8OperatorE0ES8_E21reconstructExpressionERS6_
FN:1952,_ZN5Catch13ResultBuilderleIiEENS_13ExpressionLhsIRKT_EES5_
FN:1952,_ZN5Catch13ResultBuilderleINSt7__cxx1112basic_stringIcSt11char_traitsIcESaIcEEEEENS_13ExpressionLhsIRKT_EESB_
FN:1956,_ZN5Catch13ResultBuilderleEb
FNDA:35,_ZN5Catch6isTrueEb
FNDA:12,_ZN5Catch11NameAndDescC2EPKcS2_
FNDA:105,_ZN5Catch20DecomposedExpressionC2Ev
FNDA:0,_ZN5Catch20DecomposedExpressionD0Ev
FNDA:105,_ZN5Catch20DecomposedExpressionD2Ev
FNDA:0,_ZNK5Catch20DecomposedExpression18isBinaryExpressionEv
FNDA:0,_ZN5Catch8Internal14OperatorTraitsILNS0_8OperatorE0EE7getNameEv
FNDA:16,_ZN5Catch8Internal6opCastIiEERT_RKS2_
FNDA:22,_ZN5Catch8Internal6opCastINSt7__cxx1112basic_stringIcSt11char_traitsIcESaIcEEEEERT_RKS8_
FNDA:32,_ZN5Catch8Internal6opCastIbEERT_RKS2_
FNDA:8,_ZN5Catch8Internal9EvaluatorIiiLNS0_8OperatorE0EE8evaluateERKiS5_
FNDA:11,_ZN5Catch8Internal9EvaluatorINSt7__cxx1112basic_stringIcSt11char_traitsIcESaIcEEES7_LNS0_8OperatorE0EE8evaluateERKS7_SB_
FNDA:16,_ZN5Catch8Internal9EvaluatorIbbLNS0_8OperatorE0EE8evaluateERKbS5_
FNDA:8,_ZN5Catch8Internal7compareILNS0_8OperatorE0EiiEEbRKT0_RKT1_
FNDA:11,_ZN5Catch8Internal7compareILNS0_8OperatorE0ENSt7__cxx1112basic_stringIcSt11char_traitsIcESaIcEEES8_EEbRKT0_RKT1_
FNDA:16,_ZN5Catch8Internal7compareILNS0_8OperatorE0EbbEEbRKT0_RKT1_
FNDA:0,_ZN5Catch13ExpressionLhsIbED0Ev
FNDA:16,_ZN5Catch13ExpressionLhsIbED2Ev
FNDA:0,_ZN5Catch13ExpressionLhsIRKNSt7__cxx1112basic_stringIcSt11char_traitsIcESaIcEEEED0Ev
FNDA:11,_ZN5Catch13ExpressionLhsIRKNSt7__cxx1112basic_stringIcSt11char_traitsIcESaIcEEEED2Ev
FNDA:0,_ZN5Catch13ExpressionLhsIRKiED0Ev
FNDA:8,_ZN5Catch13ExpressionLhsIRKiED2Ev
FNDA:8,_ZN5Catch13ExpressionLhsIRKiEC2ERNS_13ResultBuilderES2_
FNDA:11,_ZN5Catch13ExpressionLhsIRKNSt7__cxx1112basic_stringIcSt11char_traitsIcESaIcEEEEC2ERNS_13ResultBuilderES8_
FNDA:16,_ZN5Catch13ExpressionLhsIbEC2ERNS_13ResultBuilderEb
FNDA:8,_ZN5Catch13ExpressionLhsIRKiEeqIiEENS_16BinaryExpressionIS2_LNS_8Internal8OperatorE0ERKT_EESA_
FNDA:11,_ZN5Catch13ExpressionLhsIRKNSt7__cxx1112basic_stringIcSt11char_traitsIcESaIcEEEEeqIS6_EENS_16BinaryExpressionIS8_LNS_8Internal8OperatorE0ERKT_EESG_
FNDA:16,_ZN5Catch13ExpressionLhsIbEeqEb
FNDA:0,_ZNK5Catch13ExpressionLhsIbE21reconstructExpressionERNSt7__cxx1112basic_stringIcSt11char_traitsIcESaIcEEE
FNDA:0,_ZNK5Catch13ExpressionLhsIRKNSt7__cxx1112basic_stringIcSt11char_traitsIcESaIcEEEE21reconstructExpressionERS6_
FNDA:0,_ZNK5Catch13ExpressionLhsIRKiE21reconstructExpressionERNSt7__cxx1112basic_stringIcSt11char_traitsIcESaIcEEE
FNDA:8,_ZNK5Catch13ExpressionLhsIRKiE17captureExpressionILNS_8Internal8OperatorE0ES1_EENS_16BinaryExpressionIS2_XT_ERT0_EES9_
FNDA:11,_ZNK5Catch13ExpressionLhsIRKNSt7__cxx1112basic_stringIcSt11char_traitsIcESaIcEEEE17captureExpressionILNS_8Internal8OperatorE0ES7_EENS_16BinaryExpressionIS8_XT_ERT0_EESF_
FNDA:16,_ZNK5Catch13ExpressionLhsIbE17captureExpressionILNS_8Internal8OperatorE0EEENS_16BinaryExpressionIbXT_EbEEb
FNDA:0,_ZN5Catch16BinaryExpressionIbLNS_8Internal8OperatorE0EbED0Ev
FNDA:16,_ZN5Catch16BinaryExpressionIbLNS_8Internal8OperatorE0EbED2Ev
FNDA:0,_ZN5Catch16BinaryExpressionIRKNSt7__cxx1112basic_stringIcSt11char_traitsIcESaIcEEELNS_8Internal8OperatorE0ES8_ED0Ev
FNDA:11,_ZN5Catch16BinaryExpressionIRKNSt7__cxx1112basic_stringIcSt11char_traitsIcESaIcEEELNS_8Internal8OperatorE0ES8_ED2Ev
FNDA:0,_ZN5Catch16BinaryExpressionIRKiLNS_8Internal8OperatorE0ES2_ED0Ev
FNDA:8,_ZN5Catch16BinaryExpressionIRKiLNS_8Internal8OperatorE0ES2_ED2Ev
FNDA:8,_ZN5Catch16BinaryExpressionIRKiLNS_8Internal8OperatorE0ES2_EC2ERNS_13ResultBuilderES2_S2_
FNDA:11,_ZN5Catch16BinaryExpressionIRKNSt7__cxx1112basic_stringIcSt11char_traitsIcESaIcEEELNS_8Internal8OperatorE0ES8_EC2ERNS_13ResultBuilderES8_S8_
FNDA:16,_ZN5Catch16BinaryExpressionIbLNS_8Internal8OperatorE0EbEC2ERNS_13ResultBuilderEbb
FNDA:8,_ZNK5Catch16BinaryExpressionIRKiLNS_8Internal8OperatorE0ES2_E13endExpressionEv
FNDA:11,_ZNK5Catch16BinaryExpressionIRKNSt7__cxx1112basic_stringIcSt11char_traitsIcESaIcEEELNS_8Internal8OperatorE0ES8_E13endExpressionEv
FNDA:16,_ZNK5Catch16BinaryExpressionIbLNS_8Internal8OperatorE0EbE13endExpressionEv
FNDA:0,_ZNK5Catch16BinaryExpressionIbLNS_8Internal8OperatorE0EbE18isBinaryExpressionEv
FNDA:0,_ZNK5Catch16BinaryExpressionIRKNSt7__cxx1112basic_stringIcSt11char_traitsIcESaIcEEELNS_8Internal8OperatorE0ES8_E18isBinaryExpressionEv
FNDA:0,_ZNK5Catch16BinaryExpressionIRKiLNS_8Internal8OperatorE0ES2_E18isBinaryExpressionEv
FNDA:0,_ZNK5Catch16BinaryExpressionIbLNS_8Internal8OperatorE0EbE21reconstructExpressionERNSt7__cxx1112basic_stringIcSt11char_traitsIcESaIcEEE
FNDA:0,_ZNK5Catch16BinaryExpressionIRKNSt7__cxx1112basic_stringIcSt11char_traitsIcESaIcEEELNS_8Internal8OperatorE0ES8_E21reconstructExpressionERS6_
FNDA:0,_ZNK5Catch16BinaryExpressionIRKiLNS_8Internal8OperatorE0ES2_E21reconstructExpressionERNSt7__cxx1112basic_stringIcSt11char_traitsIcESaIcEEE
FNDA:8,_ZN5Catch13ResultBuilderleIiEENS_13ExpressionLhsIRKT_EES5_
FNDA:11,_ZN5Catch13ResultBuilderleINSt7__cxx1112basic_stringIcSt11char_traitsIcESaIcEEEEENS_13ExpressionLhsIRKT_EESB_
FNDA:16,_ZN5Catch13ResultBuilderleEb
FNF:55
FNH:37
DA:471,35
DA:720,12
DA:721,12
DA:722,12
DA:912,105
DA:914,105
DA:915,0
DA:916,0
DA:1290,0
DA:1298,70
DA:1312,35
DA:1313,35
DA:1357,35
DA:1358,35
DA:1800,35
DA:1802,35
DA:1808,19
DA:1809,19
DA:1842,16
DA:1843,16
DA:1857,0
DA:1858,0
DA:1859,0
DA:1863,19
DA:1864,19
DA:1868,16
DA:1869,16
DA:1879,35
DA:1881,35
DA:1882,35
DA:1886,35
DA:1887,105
DA:1888,35
DA:1889,70
DA:1890,35
DA:1892,0
DA:1893,0
DA:1896,0
DA:1897,0
DA:1898,0
DA:1899,0
DA:1900,0
DA:1901,0
DA:1902,0
DA:1907,0
DA:1908,0
DA:1909,0
DA:1910,0
DA:1911,0
DA:1912,0
DA:1952,19
DA:1953,19
DA:1956,16
DA:1957,16
LF:54
LH:33
end_of_record
SF:/home/anton/workspace/BStree/gcov/iterator.hpp
FN:14,_ZN6BStree11BSTIteratorIiEC2Ev
FN:15,_ZN6BStree11BSTIteratorIiEC2EPNS_4NodeIiEE
FN:24,_ZN6BStreeeqIiEEbRNS_11BSTIteratorIT_EERKS3_
FN:31,_ZN6BStreeneIiEEbRNS_11BSTIteratorIT_EERKS3_
FN:38,_ZN6BStree4swapIiEEvRNS_11BSTIteratorIT_EES4_
FN:45,_ZNK6BStree11BSTIteratorIiE6min_elEPNS_4NodeIiEE
FN:54,_ZNK6BStree11BSTIteratorIiE6max_elEPNS_4NodeIiEE
FN:63,_ZN6BStree11BSTIteratorIiE4nextEPNS_4NodeIiEE
FN:75,_ZN6BStree11BSTIteratorIiE4prevEPNS_4NodeIiEE
FN:87,_ZN6BStree11BSTIteratorIiEaSERKS1_
FN:92,_ZN6BStree11BSTIteratorIiEppEv
FN:98,_ZN6BStree11BSTIteratorIiEppEi
FN:106,_ZN6BStree11BSTIteratorIiEmmEv
FN:112,_ZN6BStree11BSTIteratorIiEmmEi
FN:120,_ZNK6BStree11BSTIteratorIiEdeEv
FNDA:1,_ZN6BStree11BSTIteratorIiEC2Ev
FNDA:35,_ZN6BStree11BSTIteratorIiEC2EPNS_4NodeIiEE
FNDA:2,_ZN6BStreeeqIiEEbRNS_11BSTIteratorIT_EERKS3_
FNDA:30,_ZN6BStreeneIiEEbRNS_11BSTIteratorIT_EERKS3_
FNDA:1,_ZN6BStree4swapIiEEvRNS_11BSTIteratorIT_EES4_
FNDA:7,_ZNK6BStree11BSTIteratorIiE6min_elEPNS_4NodeIiEE
FNDA:8,_ZNK6BStree11BSTIteratorIiE6max_elEPNS_4NodeIiEE
FNDA:16,_ZN6BStree11BSTIteratorIiE4nextEPNS_4NodeIiEE
FNDA:15,_ZN6BStree11BSTIteratorIiE4prevEPNS_4NodeIiEE
FNDA:2,_ZN6BStree11BSTIteratorIiEaSERKS1_
FNDA:16,_ZN6BStree11BSTIteratorIiEppEv
FNDA:2,_ZN6BStree11BSTIteratorIiEppEi
FNDA:15,_ZN6BStree11BSTIteratorIiEmmEv
FNDA:1,_ZN6BStree11BSTIteratorIiEmmEi
FNDA:41,_ZNK6BStree11BSTIteratorIiEdeEv
FNF:15
FNH:15
DA:14,1
DA:15,35
DA:24,2
DA:25,2
DA:26,1
DA:27,1
DA:31,30
DA:32,30
DA:33,28
DA:34,2
DA:38,1
DA:39,1
DA:40,1
DA:45,7
DA:46,7
DA:47,4
DA:48,11
DA:49,4
DA:50,3
DA:54,8
DA:55,8
DA:56,5
DA:57,11
DA:58,4
DA:59,3
DA:63,16
DA:64,16
DA:65,7
DA:66,9
DA:67,17
DA:68,4
DA:69,4
DA:71,9
DA:75,15
DA:76,15
DA:77,8
DA:78,7
DA:79,15
DA:80,4
DA:81,4
DA:83,7
DA:87,2
DA:88,2
DA:89,2
DA:92,16
DA:93,16
DA:94,16
DA:98,2
DA:99,2
DA:100,2
DA:101,2
DA:106,15
DA:107,15
DA:108,15
DA:112,1
DA:113,1
DA:114,1
DA:115,1
DA:120,41
DA:121,41
LF:60
LH:60
end_of_record
SF:/home/anton/workspace/BStree/gcov/test1.cpp
FN:8,_ZL29____C_A_T_C_H____T_E_S_T____0v
FN:15,_ZL29____C_A_T_C_H____T_E_S_T____2v
FN:31,_ZL29____C_A_T_C_H____T_E_S_T____4v
FN:60,_ZL29____C_A_T_C_H____T_E_S_T____6v
FN:78,_ZL29____C_A_T_C_H____T_E_S_T____8v
FN:100,_ZL30____C_A_T_C_H____T_E_S_T____10v
FN:118,_ZL30____C_A_T_C_H____T_E_S_T____12v
FN:133,_ZL30____C_A_T_C_H____T_E_S_T____14v
FN:139,_ZL30____C_A_T_C_H____T_E_S_T____16v
FN:153,_ZL30____C_A_T_C_H____T_E_S_T____18v
FN:178,_ZL30____C_A_T_C_H____T_E_S_T____20v
FN:195,_ZL30____C_A_T_C_H____T_E_S_T____22v
FN:250,_Z41__static_initialization_and_destruction_0ii
FN:250,_GLOBAL__sub_I_test1.cpp
FNDA:1,_ZL29____C_A_T_C_H____T_E_S_T____0v
FNDA:1,_ZL29____C_A_T_C_H____T_E_S_T____2v
FNDA:1,_ZL29____C_A_T_C_H____T_E_S_T____4v
FNDA:1,_ZL29____C_A_T_C_H____T_E_S_T____6v
FNDA:1,_ZL29____C_A_T_C_H____T_E_S_T____8v
FNDA:1,_ZL30____C_A_T_C_H____T_E_S_T____10v
FNDA:1,_ZL30____C_A_T_C_H____T_E_S_T____12v
FNDA:1,_ZL30____C_A_T_C_H____T_E_S_T____14v
FNDA:1,_ZL30____C_A_T_C_H____T_E_S_T____16v
FNDA:1,_ZL30____C_A_T_C_H____T_E_S_T____18v
FNDA:1,_ZL30____C_A_T_C_H____T_E_S_T____20v
FNDA:1,_ZL30____C_A_T_C_H____T_E_S_T____22v
FNDA:1,_GLOBAL__sub_I_test1.cpp
FNDA:1,_Z41__static_initialization_and_destruction_0ii
FNF:14
FNH:14
DA:8,2
DA:9,2
DA:10,1
DA:11,2
DA:12,1
DA:13,1
DA:15,2
DA:16,2
DA:17,2
DA:19,2
DA:20,2
DA:22,2
DA:23,1
DA:25,2
DA:26,1
DA:28,1
DA:30,1
DA:31,2
DA:32,2
DA:33,2
DA:34,2
DA:35,2
DA:37,2
DA:38,2
DA:40,1
DA:41,1
DA:42,1
DA:43,1
DA:44,1
DA:45,1
DA:47,2
DA:48,2
DA:49,2
DA:51,1
DA:52,1
DA:53,1
DA:55,1
DA:56,1
DA:57,1
DA:58,1
DA:60,2
DA:61,2
DA:62,2
DA:64,1
DA:66,2
DA:67,2
DA:69,1
DA:71,2
DA:72,2
DA:73,1
DA:74,1
DA:75,1
DA:78,2
DA:79,2
DA:81,1
DA:82,1
DA:83,1
DA:86,2
DA:87,2
DA:89,1
DA:91,2
DA:92,2
DA:93,1
DA:94,1
DA:95,1
DA:96,1
DA:97,1
DA:100,2
DA:101,2
DA:102,1
DA:103,1
DA:104,1
DA:105,1
DA:106,1
DA:107,1
DA:108,1
DA:110,2
DA:112,1
DA:113,1
DA:114,1
DA:115,1
DA:116,1
DA:118,2
DA:119,2
DA:121,2
DA:122,2
DA:123,2
DA:125,1
DA:127,2
DA:128,1
DA:130,1
DA:131,1
DA:133,2
DA:134,2
DA:135,1
DA:136,1
DA:137,1
DA:139,2
DA:140,2
DA:142,2
DA:143,1
DA:144,1
DA:146,1
DA:148,1
DA:149,1
DA:150,1
DA:151,1
DA:153,2
DA:154,2
DA:155,2
DA:156,2
DA:158,2
DA:159,1
DA:161,2
DA:162,2
DA:164,1
DA:166,1
DA:167,2
DA:168,1
DA:169,2
DA:170,1
DA:171,1
DA:173,1
DA:174,1
DA:175,1
DA:176,1
DA:178,2
DA:179,2
DA:180,2
DA:182,1
DA:184,2
DA:185,2
DA:186,2
DA:188,1
DA:189,1
DA:190,2
DA:191,1
DA:192,1
DA:193,1
DA:195,2
DA:196,2
DA:198,2
DA:199,2
DA:201,2
DA:202,2
DA:204,1
DA:206,1
DA:208,29
DA:209,14
DA:211,1
DA:213,1
DA:215,1
DA:217,1
DA:219,29
DA:220,14
DA:222,1
DA:224,1
DA:226,2
DA:227,1
DA:229,2
DA:230,1
DA:232,1
DA:233,1
DA:235,1
DA:236,1
DA:237,1
DA:238,1
DA:239,1
DA:240,1
DA:241,1
DA:243,1
DA:244,1
DA:246,1
DA:247,1
DA:248,1
DA:249,1
DA:250,4
LF:177
LH:177
end_of_record
SF:/home/anton/workspace/BStree/gcov/tree.hpp
FN:23,_ZN6BStree4TreeIiEC2Ev
FN:38,_ZN6BStreelsIiEERSoS1_RKNS_4TreeIT_EE
FN:43,_ZN6BStree4TreeIiE5beginEv
FN:51,_ZN6BStree4TreeIiE3endEv
FN:59,_ZN6BStree4TreeIiE6rbeginEv
FN:67,_ZN6BStree4TreeIiE4rendEv
FN:75,_ZN6BStree4TreeIiED2Ev
FN:84,_ZN6BStree4TreeIiEaSERKS1_
FN:90,_ZN6BStree4TreeIiEC2ESt16initializer_listIiE
FN:98,_ZN6BStree4TreeIiEC2ERKS1_
FN:110,_ZNK6BStree4TreeIiE6searchEi
FN:126,_ZN6BStree4TreeIiE3addEi
FN:190,_Z9print_preIiERSoS0_PKN6BStree4NodeIT_EE
FN:200,_Z8print_inIiERSoS0_PKN6BStree4NodeIT_EE
FN:210,_Z10print_postIiERSoS0_PKN6BStree4NodeIT_EE
FN:221,_ZNK6BStree4TreeIiE11print_orderERSoNS_15traversal_orderE
FN:233,_ZN6BStree4TreeIiE4swapERS1_
FN:238,_ZN6BStree4TreeIiE10destructorEPNS_4NodeIiEE
FN:248,_ZN6BStree4TreeIiE6removeEi
FN:308,_ZN6BStree4TreeIiE4saveERKNSt7__cxx1112basic_stringIcSt11char_traitsIcESaIcEEE
FN:330,_ZN6BStree4TreeIiE4loadERKNSt7__cxx1112basic_stringIcSt11char_traitsIcESaIcEEE
FN:348,_ZNK6BStree4TreeIiE5emptyEv
FNDA:5,_ZN6BStree4TreeIiEC2Ev
FNDA:11,_ZN6BStreelsIiEERSoS1_RKNS_4TreeIT_EE
FNDA:1,_ZN6BStree4TreeIiE5beginEv
FNDA:15,_ZN6BStree4TreeIiE3endEv
FNDA:1,_ZN6BStree4TreeIiE6rbeginEv
FNDA:15,_ZN6BStree4TreeIiE4rendEv
FNDA:20,_ZN6BStree4TreeIiED2Ev
FNDA:1,_ZN6BStree4TreeIiEaSERKS1_
FNDA:15,_ZN6BStree4TreeIiEC2ESt16initializer_listIiE
FNDA:2,_ZN6BStree4TreeIiEC2ERKS1_
FNDA:146,_ZNK6BStree4TreeIiE6searchEi
FNDA:133,_ZN6BStree4TreeIiE3addEi
FNDA:177,_Z9print_preIiERSoS0_PKN6BStree4NodeIT_EE
FNDA:31,_Z8print_inIiERSoS0_PKN6BStree4NodeIT_EE
FNDA:31,_Z10print_postIiERSoS0_PKN6BStree4NodeIT_EE
FNDA:15,_ZNK6BStree4TreeIiE11print_orderERSoNS_15traversal_orderE
FNDA:2,_ZN6BStree4TreeIiE4swapERS1_
FNDA:260,_ZN6BStree4TreeIiE10destructorEPNS_4NodeIiEE
FNDA:11,_ZN6BStree4TreeIiE6removeEi
FNDA:4,_ZN6BStree4TreeIiE4saveERKNSt7__cxx1112basic_stringIcSt11char_traitsIcESaIcEEE
FNDA:3,_ZN6BStree4TreeIiE4loadERKNSt7__cxx1112basic_stringIcSt11char_traitsIcESaIcEEE
FNDA:2,_ZNK6BStree4TreeIiE5emptyEv
FNF:22
FNH:22
DA:23,5
DA:24,5
DA:25,5
DA:38,11
DA:39,11
DA:43,1
DA:44,1
DA:45,7
DA:46,3
DA:47,1
DA:48,1
DA:51,15
DA:52,15
DA:53,105
DA:54,45
DA:55,15
DA:56,15
DA:59,1
DA:60,1
DA:61,7
DA:62,3
DA:63,1
DA:64,1
DA:67,15
DA:68,15
DA:69,105
DA:70,45
DA:71,15
DA:72,15
DA:75,20
DA:76,20
DA:77,20
DA:84,1
DA:85,2
DA:86,1
DA:87,1
DA:90,15
DA:91,15
DA:92,129
DA:93,114
DA:95,15
DA:98,2
DA:99,4
DA:100,4
DA:101,2
DA:103,20
DA:104,9
DA:105,9
DA:107,2
DA:110,146
DA:111,146
DA:112,18
DA:113,128
DA:114,484
DA:115,292
DA:116,119
DA:118,173
DA:119,292
DA:120,114
DA:122,14
DA:126,133
DA:127,133
DA:128,3
DA:129,130
DA:130,18
DA:131,18
DA:132,18
DA:134,112
DA:135,414
DA:136,263
DA:137,109
DA:138,43
DA:139,43
DA:140,43
DA:142,66
DA:145,154
DA:146,69
DA:147,69
DA:148,69
DA:150,85
DA:154,112
DA:190,177
DA:191,177
DA:192,82
DA:193,82
DA:194,82
DA:196,177
DA:200,31
DA:201,31
DA:202,15
DA:203,15
DA:204,15
DA:206,31
DA:210,31
DA:211,31
DA:212,15
DA:213,15
DA:214,15
DA:216,31
DA:221,15
DA:222,15
DA:223,13
DA:224,2
DA:225,1
DA:227,1
DA:229,15
DA:233,2
DA:234,2
DA:235,2
DA:238,260
DA:239,260
DA:240,119
DA:241,119
DA:242,119
DA:244,260
DA:245,260
DA:248,11
DA:249,11
DA:250,1
DA:251,10
DA:252,10
DA:254,44
DA:255,17
DA:256,17
DA:257,10
DA:259,7
DA:262,10
DA:264,10
DA:265,7
DA:266,7
DA:268,7
DA:269,1
DA:270,6
DA:271,1
DA:273,7
DA:274,1
DA:276,6
DA:277,4
DA:279,2
DA:280,6
DA:281,2
DA:283,7
DA:285,3
DA:286,3
DA:288,7
DA:289,2
DA:290,2
DA:293,3
DA:294,3
DA:296,3
DA:297,2
DA:299,1
DA:301,10
DA:302,10
DA:303,10
DA:308,4
DA:309,8
DA:310,4
DA:311,4
DA:312,2
DA:313,2
DA:314,2
DA:316,4
DA:317,2
DA:318,2
DA:319,2
DA:320,2
DA:321,1
DA:322,1
DA:323,1
DA:325,1
DA:330,3
DA:331,6
DA:332,3
DA:333,1
DA:334,2
DA:336,2
DA:337,2
DA:338,1
DA:339,11
DA:340,5
DA:341,5
DA:343,1
DA:348,2
DA:349,2
DA:350,1
DA:351,1
LF:187
LH:187
end_of_record
